  [1m[35m (3.3ms)[0m  [1m[35mSET NAMES utf8,  @@SESSION.sql_mode = CONCAT(CONCAT(@@sql_mode, ',STRICT_ALL_TABLES'), ',NO_AUTO_VALUE_ON_ZERO'),  @@SESSION.sql_auto_is_null = 0, @@SESSION.wait_timeout = 2147483[0m
  ↳ C:/Ruby25-x64/bin/rake:31
  [1m[35m (264.1ms)[0m  [1m[35mCREATE DATABASE `assingment_development` DEFAULT CHARACTER SET `utf8`[0m
  ↳ C:/Ruby25-x64/bin/rake:31
  [1m[35m (0.5ms)[0m  [1m[35mSET NAMES utf8,  @@SESSION.sql_mode = CONCAT(CONCAT(@@sql_mode, ',STRICT_ALL_TABLES'), ',NO_AUTO_VALUE_ON_ZERO'),  @@SESSION.sql_auto_is_null = 0, @@SESSION.wait_timeout = 2147483[0m
  ↳ C:/Ruby25-x64/bin/rake:31
  [1m[35m (119.7ms)[0m  [1m[35mCREATE DATABASE `assingment_test` DEFAULT CHARACTER SET `utf8`[0m
  ↳ C:/Ruby25-x64/bin/rake:31
  [1m[35m (0.8ms)[0m  [1m[35mSET NAMES utf8,  @@SESSION.sql_mode = CONCAT(CONCAT(@@sql_mode, ',STRICT_ALL_TABLES'), ',NO_AUTO_VALUE_ON_ZERO'),  @@SESSION.sql_auto_is_null = 0, @@SESSION.wait_timeout = 2147483[0m
  ↳ C:/Ruby25-x64/bin/rake:31
  [1m[35m (892.0ms)[0m  [1m[35mCREATE TABLE `schema_migrations` (`version` varchar(255) NOT NULL PRIMARY KEY)[0m
  ↳ C:/Ruby25-x64/bin/rake:31
  [1m[35m (599.0ms)[0m  [1m[35mCREATE TABLE `ar_internal_metadata` (`key` varchar(255) NOT NULL PRIMARY KEY, `value` varchar(255), `created_at` datetime NOT NULL, `updated_at` datetime NOT NULL)[0m
  ↳ C:/Ruby25-x64/bin/rake:31
  [1m[35m (0.4ms)[0m  [1m[34mSELECT GET_LOCK('2728363987124474895', 0)[0m
  ↳ C:/Ruby25-x64/bin/rake:31
  [1m[35m (1.6ms)[0m  [1m[34mSELECT `schema_migrations`.`version` FROM `schema_migrations` ORDER BY `schema_migrations`.`version` ASC[0m
  ↳ C:/Ruby25-x64/bin/rake:31
Migrating to CreateComplainLists (20190102160559)
  [1m[35m (758.8ms)[0m  [1m[35mCREATE TABLE `complain_lists` (`id` bigint NOT NULL AUTO_INCREMENT PRIMARY KEY, `title` varchar(255), `description` text, `created_at` datetime NOT NULL, `updated_at` datetime NOT NULL)[0m
  ↳ db/migrate/20190102160559_create_complain_lists.rb:3
  [1m[35m (0.3ms)[0m  [1m[35mBEGIN[0m
  ↳ C:/Ruby25-x64/bin/rake:31
  [1m[36mActiveRecord::SchemaMigration Create (0.8ms)[0m  [1m[32mINSERT INTO `schema_migrations` (`version`) VALUES ('20190102160559')[0m
  ↳ C:/Ruby25-x64/bin/rake:31
  [1m[35m (100.8ms)[0m  [1m[35mCOMMIT[0m
  ↳ C:/Ruby25-x64/bin/rake:31
  [1m[36mActiveRecord::InternalMetadata Load (1.6ms)[0m  [1m[34mSELECT  `ar_internal_metadata`.* FROM `ar_internal_metadata` WHERE `ar_internal_metadata`.`key` = 'environment' LIMIT 1[0m
  ↳ C:/Ruby25-x64/bin/rake:31
  [1m[35m (0.3ms)[0m  [1m[35mBEGIN[0m
  ↳ C:/Ruby25-x64/bin/rake:31
  [1m[36mActiveRecord::InternalMetadata Create (3.1ms)[0m  [1m[32mINSERT INTO `ar_internal_metadata` (`key`, `value`, `created_at`, `updated_at`) VALUES ('environment', 'development', '2019-01-02 16:07:08', '2019-01-02 16:07:08')[0m
  ↳ C:/Ruby25-x64/bin/rake:31
  [1m[35m (87.8ms)[0m  [1m[35mCOMMIT[0m
  ↳ C:/Ruby25-x64/bin/rake:31
  [1m[35m (0.3ms)[0m  [1m[34mSELECT RELEASE_LOCK('2728363987124474895')[0m
  ↳ C:/Ruby25-x64/bin/rake:31
  [1m[35m (0.3ms)[0m  [1m[34mSELECT `schema_migrations`.`version` FROM `schema_migrations` ORDER BY `schema_migrations`.`version` ASC[0m
  ↳ C:/Ruby25-x64/bin/rake:31
  [1m[35m (0.7ms)[0m  [1m[35mSET NAMES utf8,  @@SESSION.sql_mode = CONCAT(CONCAT(@@sql_mode, ',STRICT_ALL_TABLES'), ',NO_AUTO_VALUE_ON_ZERO'),  @@SESSION.sql_auto_is_null = 0, @@SESSION.wait_timeout = 2147483[0m
  ↳ C:/Ruby25-x64/bin/rake:31
  [1m[35m (0.3ms)[0m  [1m[34mSELECT GET_LOCK('2728363987124474895', 0)[0m
  ↳ C:/Ruby25-x64/bin/rake:31
  [1m[35m (40.3ms)[0m  [1m[34mSELECT `schema_migrations`.`version` FROM `schema_migrations` ORDER BY `schema_migrations`.`version` ASC[0m
  ↳ C:/Ruby25-x64/bin/rake:31
Migrating to DeviseCreateUsers (20190102162436)
  [1m[35m (788.6ms)[0m  [1m[35mCREATE TABLE `users` (`id` bigint NOT NULL AUTO_INCREMENT PRIMARY KEY, `email` varchar(255) DEFAULT '' NOT NULL, `encrypted_password` varchar(255) DEFAULT '' NOT NULL, `reset_password_token` varchar(255), `reset_password_sent_at` datetime, `remember_created_at` datetime, `created_at` datetime NOT NULL, `updated_at` datetime NOT NULL)[0m
  ↳ db/migrate/20190102162436_devise_create_users.rb:5
  [1m[35m (637.6ms)[0m  [1m[35mCREATE UNIQUE INDEX `index_users_on_email`  ON `users` (`email`) [0m
  ↳ db/migrate/20190102162436_devise_create_users.rb:39
  [1m[35m (533.2ms)[0m  [1m[35mCREATE UNIQUE INDEX `index_users_on_reset_password_token`  ON `users` (`reset_password_token`) [0m
  ↳ db/migrate/20190102162436_devise_create_users.rb:40
  [1m[35m (0.6ms)[0m  [1m[35mBEGIN[0m
  ↳ C:/Ruby25-x64/bin/rake:31
  [1m[36mActiveRecord::SchemaMigration Create (10.6ms)[0m  [1m[32mINSERT INTO `schema_migrations` (`version`) VALUES ('20190102162436')[0m
  ↳ C:/Ruby25-x64/bin/rake:31
  [1m[35m (110.5ms)[0m  [1m[35mCOMMIT[0m
  ↳ C:/Ruby25-x64/bin/rake:31
  [1m[36mActiveRecord::InternalMetadata Load (24.1ms)[0m  [1m[34mSELECT  `ar_internal_metadata`.* FROM `ar_internal_metadata` WHERE `ar_internal_metadata`.`key` = 'environment' LIMIT 1[0m
  ↳ C:/Ruby25-x64/bin/rake:31
  [1m[35m (0.3ms)[0m  [1m[35mBEGIN[0m
  ↳ C:/Ruby25-x64/bin/rake:31
  [1m[35m (0.2ms)[0m  [1m[35mCOMMIT[0m
  ↳ C:/Ruby25-x64/bin/rake:31
  [1m[35m (0.3ms)[0m  [1m[34mSELECT RELEASE_LOCK('2728363987124474895')[0m
  ↳ C:/Ruby25-x64/bin/rake:31
  [1m[35m (0.4ms)[0m  [1m[34mSELECT `schema_migrations`.`version` FROM `schema_migrations` ORDER BY `schema_migrations`.`version` ASC[0m
  ↳ C:/Ruby25-x64/bin/rake:31
  [1m[35m (0.7ms)[0m  [1m[35mSET NAMES utf8,  @@SESSION.sql_mode = CONCAT(CONCAT(@@sql_mode, ',STRICT_ALL_TABLES'), ',NO_AUTO_VALUE_ON_ZERO'),  @@SESSION.sql_auto_is_null = 0, @@SESSION.wait_timeout = 2147483[0m
  ↳ C:/Ruby25-x64/bin/rake:31
  [1m[35m (0.3ms)[0m  [1m[34mSELECT GET_LOCK('2728363987124474895', 0)[0m
  ↳ C:/Ruby25-x64/bin/rake:31
  [1m[35m (0.6ms)[0m  [1m[34mSELECT `schema_migrations`.`version` FROM `schema_migrations` ORDER BY `schema_migrations`.`version` ASC[0m
  ↳ C:/Ruby25-x64/bin/rake:31
Migrating to AddColumnUserIdToComplainLists (20190102163103)
  [1m[35m (479.0ms)[0m  [1m[35mALTER TABLE `complain_lists` ADD `user_id` int[0m
  ↳ db/migrate/20190102163103_add_column_user_id_to_complain_lists.rb:3
  [1m[35m (0.2ms)[0m  [1m[35mBEGIN[0m
  ↳ C:/Ruby25-x64/bin/rake:31
  [1m[36mActiveRecord::SchemaMigration Create (0.7ms)[0m  [1m[32mINSERT INTO `schema_migrations` (`version`) VALUES ('20190102163103')[0m
  ↳ C:/Ruby25-x64/bin/rake:31
  [1m[35m (144.5ms)[0m  [1m[35mCOMMIT[0m
  ↳ C:/Ruby25-x64/bin/rake:31
  [1m[36mActiveRecord::InternalMetadata Load (0.6ms)[0m  [1m[34mSELECT  `ar_internal_metadata`.* FROM `ar_internal_metadata` WHERE `ar_internal_metadata`.`key` = 'environment' LIMIT 1[0m
  ↳ C:/Ruby25-x64/bin/rake:31
  [1m[35m (0.3ms)[0m  [1m[35mBEGIN[0m
  ↳ C:/Ruby25-x64/bin/rake:31
  [1m[35m (0.3ms)[0m  [1m[35mCOMMIT[0m
  ↳ C:/Ruby25-x64/bin/rake:31
  [1m[35m (0.4ms)[0m  [1m[34mSELECT RELEASE_LOCK('2728363987124474895')[0m
  ↳ C:/Ruby25-x64/bin/rake:31
  [1m[35m (0.3ms)[0m  [1m[34mSELECT `schema_migrations`.`version` FROM `schema_migrations` ORDER BY `schema_migrations`.`version` ASC[0m
  ↳ C:/Ruby25-x64/bin/rake:31
Started GET "/" for 127.0.0.1 at 2019-01-02 22:12:12 +0530
  [1m[35m (1.5ms)[0m  [1m[35mSET NAMES utf8,  @@SESSION.sql_mode = CONCAT(CONCAT(@@sql_mode, ',STRICT_ALL_TABLES'), ',NO_AUTO_VALUE_ON_ZERO'),  @@SESSION.sql_auto_is_null = 0, @@SESSION.wait_timeout = 2147483[0m
  ↳ C:/Ruby25-x64/lib/ruby/gems/2.5.0/gems/activerecord-5.2.2/lib/active_record/log_subscriber.rb:98
  [1m[35m (0.9ms)[0m  [1m[34mSELECT `schema_migrations`.`version` FROM `schema_migrations` ORDER BY `schema_migrations`.`version` ASC[0m
  ↳ C:/Ruby25-x64/lib/ruby/gems/2.5.0/gems/activerecord-5.2.2/lib/active_record/log_subscriber.rb:98
Processing by ComplainListsController#index as HTML
Completed 401 Unauthorized in 89ms (ActiveRecord: 0.0ms)


Started GET "/users/sign_in" for 127.0.0.1 at 2019-01-02 22:12:13 +0530
Processing by Devise::SessionsController#new as HTML
  Rendering devise/sessions/new.html.erb within layouts/application
  Rendered devise/shared/_links.html.erb (3.5ms)
  Rendered devise/sessions/new.html.erb within layouts/application (265.7ms)
Completed 200 OK in 2807ms (Views: 2727.3ms | ActiveRecord: 35.0ms)


Started GET "/users/sign_up" for 127.0.0.1 at 2019-01-02 22:12:35 +0530
Processing by Devise::RegistrationsController#new as HTML
  Rendering devise/registrations/new.html.erb within layouts/application
  Rendered devise/shared/_links.html.erb (1.5ms)
  Rendered devise/registrations/new.html.erb within layouts/application (63.9ms)
Completed 200 OK in 396ms (Views: 393.3ms | ActiveRecord: 0.0ms)


Started POST "/users" for 127.0.0.1 at 2019-01-02 22:12:55 +0530
Processing by Devise::RegistrationsController#create as HTML
  Parameters: {"utf8"=>"✓", "authenticity_token"=>"bBcLmNvNg/9jr0X1nMevcaHUSybONEIsTMrjSrNiVpKioKvtoc+zhbKmrzcOme8yjGKFzMqX7CLJRYOZyTAp6A==", "user"=>{"email"=>"local@gmail.com", "password"=>"[FILTERED]", "password_confirmation"=>"[FILTERED]"}, "commit"=>"Sign up"}
  [1m[35m (0.5ms)[0m  [1m[35mBEGIN[0m
  ↳ C:/Ruby25-x64/lib/ruby/gems/2.5.0/gems/activerecord-5.2.2/lib/active_record/log_subscriber.rb:98
  [1m[36mUser Exists (1.2ms)[0m  [1m[34mSELECT  1 AS one FROM `users` WHERE `users`.`email` = BINARY 'local@gmail.com' LIMIT 1[0m
  ↳ C:/Ruby25-x64/lib/ruby/gems/2.5.0/gems/activerecord-5.2.2/lib/active_record/log_subscriber.rb:98
  [1m[36mUser Create (14.1ms)[0m  [1m[32mINSERT INTO `users` (`email`, `encrypted_password`, `created_at`, `updated_at`) VALUES ('local@gmail.com', '$2a$11$/jLcO429hAZ5xPfAI.ysOely4vHjGGUlnJ9RyyBGvJ/ZMomRDjccS', '2019-01-02 16:42:56', '2019-01-02 16:42:56')[0m
  ↳ C:/Ruby25-x64/lib/ruby/gems/2.5.0/gems/activerecord-5.2.2/lib/active_record/log_subscriber.rb:98
  [1m[35m (163.3ms)[0m  [1m[35mCOMMIT[0m
  ↳ C:/Ruby25-x64/lib/ruby/gems/2.5.0/gems/activerecord-5.2.2/lib/active_record/log_subscriber.rb:98
Redirected to http://localhost:3000/
Completed 302 Found in 1074ms (ActiveRecord: 179.2ms)


Started GET "/" for 127.0.0.1 at 2019-01-02 22:12:57 +0530
Processing by ComplainListsController#index as HTML
  [1m[36mUser Load (0.8ms)[0m  [1m[34mSELECT  `users`.* FROM `users` WHERE `users`.`id` = 1 ORDER BY `users`.`id` ASC LIMIT 1[0m
  ↳ C:/Ruby25-x64/lib/ruby/gems/2.5.0/gems/activerecord-5.2.2/lib/active_record/log_subscriber.rb:98
  Rendering complain_lists/index.html.erb within layouts/application
  [1m[36mComplainList Load (0.9ms)[0m  [1m[34mSELECT `complain_lists`.* FROM `complain_lists` WHERE `complain_lists`.`user_id` = 1[0m
  ↳ app/views/complain_lists/index.html.erb:15
  Rendered complain_lists/index.html.erb within layouts/application (7.0ms)
Completed 200 OK in 426ms (Views: 257.0ms | ActiveRecord: 3.5ms)


Started GET "/complain_lists/new" for 127.0.0.1 at 2019-01-02 22:13:03 +0530
Processing by ComplainListsController#new as HTML
  [1m[36mUser Load (0.9ms)[0m  [1m[34mSELECT  `users`.* FROM `users` WHERE `users`.`id` = 1 ORDER BY `users`.`id` ASC LIMIT 1[0m
  ↳ C:/Ruby25-x64/lib/ruby/gems/2.5.0/gems/activerecord-5.2.2/lib/active_record/log_subscriber.rb:98
  Rendering complain_lists/new.html.erb within layouts/application
  Rendered complain_lists/_form.html.erb (25.2ms)
  Rendered complain_lists/new.html.erb within layouts/application (139.7ms)
Completed 200 OK in 457ms (Views: 358.6ms | ActiveRecord: 9.4ms)


Started POST "/complain_lists" for 127.0.0.1 at 2019-01-02 22:14:03 +0530
Processing by ComplainListsController#create as HTML
  Parameters: {"utf8"=>"✓", "authenticity_token"=>"gTzpBukOPN04ixJDUG9FVzj7j2m7J4NvtHB0ahxjjAn8g1xFpUvyRMIynpvVapZ/h/Wy2I3tx/1+u4Wv9cVDwQ==", "complain_list"=>{"title"=>"door lock", "description"=>"door lock broken"}, "commit"=>"Create Complain list"}
  [1m[36mUser Load (1.5ms)[0m  [1m[34mSELECT  `users`.* FROM `users` WHERE `users`.`id` = 1 ORDER BY `users`.`id` ASC LIMIT 1[0m
  ↳ C:/Ruby25-x64/lib/ruby/gems/2.5.0/gems/activerecord-5.2.2/lib/active_record/log_subscriber.rb:98
  [1m[35m (0.9ms)[0m  [1m[35mBEGIN[0m
  ↳ app/controllers/complain_lists_controller.rb:30
  [1m[36mUser Load (0.9ms)[0m  [1m[34mSELECT  `users`.* FROM `users` WHERE `users`.`id` = 1 LIMIT 1[0m
  ↳ app/controllers/complain_lists_controller.rb:30
  [1m[36mComplainList Create (13.2ms)[0m  [1m[32mINSERT INTO `complain_lists` (`title`, `description`, `created_at`, `updated_at`, `user_id`) VALUES ('door lock', 'door lock broken', '2019-01-02 16:44:03', '2019-01-02 16:44:03', 1)[0m
  ↳ app/controllers/complain_lists_controller.rb:30
  [1m[35m (125.7ms)[0m  [1m[35mCOMMIT[0m
  ↳ app/controllers/complain_lists_controller.rb:30
Redirected to http://localhost:3000/complain_lists/1
Completed 302 Found in 462ms (ActiveRecord: 142.2ms)


Started GET "/complain_lists/1" for 127.0.0.1 at 2019-01-02 22:14:04 +0530
Processing by ComplainListsController#show as HTML
  Parameters: {"id"=>"1"}
  [1m[36mComplainList Load (0.6ms)[0m  [1m[34mSELECT  `complain_lists`.* FROM `complain_lists` WHERE `complain_lists`.`id` = 1 LIMIT 1[0m
  ↳ app/controllers/complain_lists_controller.rb:67
  [1m[36mUser Load (0.5ms)[0m  [1m[34mSELECT  `users`.* FROM `users` WHERE `users`.`id` = 1 ORDER BY `users`.`id` ASC LIMIT 1[0m
  ↳ C:/Ruby25-x64/lib/ruby/gems/2.5.0/gems/activerecord-5.2.2/lib/active_record/log_subscriber.rb:98
  Rendering complain_lists/show.html.erb within layouts/application
  Rendered complain_lists/show.html.erb within layouts/application (0.8ms)
Completed 200 OK in 242ms (Views: 192.5ms | ActiveRecord: 1.2ms)


Started GET "/complain_lists/1/edit" for 127.0.0.1 at 2019-01-02 22:14:07 +0530
Processing by ComplainListsController#edit as HTML
  Parameters: {"id"=>"1"}
  [1m[36mComplainList Load (0.6ms)[0m  [1m[34mSELECT  `complain_lists`.* FROM `complain_lists` WHERE `complain_lists`.`id` = 1 LIMIT 1[0m
  ↳ app/controllers/complain_lists_controller.rb:67
  [1m[36mUser Load (0.6ms)[0m  [1m[34mSELECT  `users`.* FROM `users` WHERE `users`.`id` = 1 ORDER BY `users`.`id` ASC LIMIT 1[0m
  ↳ C:/Ruby25-x64/lib/ruby/gems/2.5.0/gems/activerecord-5.2.2/lib/active_record/log_subscriber.rb:98
  Rendering complain_lists/edit.html.erb within layouts/application
  Rendered complain_lists/_form.html.erb (7.1ms)
  Rendered complain_lists/edit.html.erb within layouts/application (63.8ms)
Completed 200 OK in 381ms (Views: 325.5ms | ActiveRecord: 1.2ms)


Started GET "/complain_lists" for 127.0.0.1 at 2019-01-02 22:14:10 +0530
Processing by ComplainListsController#index as HTML
  [1m[36mUser Load (0.6ms)[0m  [1m[34mSELECT  `users`.* FROM `users` WHERE `users`.`id` = 1 ORDER BY `users`.`id` ASC LIMIT 1[0m
  ↳ C:/Ruby25-x64/lib/ruby/gems/2.5.0/gems/activerecord-5.2.2/lib/active_record/log_subscriber.rb:98
  Rendering complain_lists/index.html.erb within layouts/application
  [1m[36mComplainList Load (1.0ms)[0m  [1m[34mSELECT `complain_lists`.* FROM `complain_lists` WHERE `complain_lists`.`user_id` = 1[0m
  ↳ app/views/complain_lists/index.html.erb:15
  Rendered complain_lists/index.html.erb within layouts/application (10.4ms)
Completed 200 OK in 295ms (Views: 258.2ms | ActiveRecord: 1.6ms)


Started GET "/" for 127.0.0.1 at 2019-01-02 22:45:20 +0530
  [1m[35m (0.6ms)[0m  [1m[35mSET NAMES utf8,  @@SESSION.sql_mode = CONCAT(CONCAT(@@sql_mode, ',STRICT_ALL_TABLES'), ',NO_AUTO_VALUE_ON_ZERO'),  @@SESSION.sql_auto_is_null = 0, @@SESSION.wait_timeout = 2147483[0m
  ↳ C:/Ruby25-x64/lib/ruby/gems/2.5.0/gems/activerecord-5.2.2/lib/active_record/log_subscriber.rb:98
  [1m[35m (0.6ms)[0m  [1m[34mSELECT `schema_migrations`.`version` FROM `schema_migrations` ORDER BY `schema_migrations`.`version` ASC[0m
  ↳ C:/Ruby25-x64/lib/ruby/gems/2.5.0/gems/activerecord-5.2.2/lib/active_record/log_subscriber.rb:98
Processing by ComplainListsController#index as HTML
  [1m[36mUser Load (0.7ms)[0m  [1m[34mSELECT  `users`.* FROM `users` WHERE `users`.`id` = 1 ORDER BY `users`.`id` ASC LIMIT 1[0m
  ↳ C:/Ruby25-x64/lib/ruby/gems/2.5.0/gems/activerecord-5.2.2/lib/active_record/log_subscriber.rb:98
  Rendering complain_lists/index.html.erb within layouts/application
  [1m[36mComplainList Load (0.7ms)[0m  [1m[34mSELECT `complain_lists`.* FROM `complain_lists` WHERE `complain_lists`.`user_id` = 1[0m
  ↳ app/views/complain_lists/index.html.erb:15
  Rendered complain_lists/index.html.erb within layouts/application (21.9ms)
Completed 200 OK in 412ms (Views: 336.9ms | ActiveRecord: 24.8ms)


Started GET "/complain_lists/1" for 127.0.0.1 at 2019-01-02 22:45:43 +0530
Processing by ComplainListsController#show as HTML
  Parameters: {"id"=>"1"}
  [1m[36mComplainList Load (1.3ms)[0m  [1m[34mSELECT  `complain_lists`.* FROM `complain_lists` WHERE `complain_lists`.`id` = 1 LIMIT 1[0m
  ↳ app/controllers/complain_lists_controller.rb:67
  [1m[36mUser Load (1.1ms)[0m  [1m[34mSELECT  `users`.* FROM `users` WHERE `users`.`id` = 1 ORDER BY `users`.`id` ASC LIMIT 1[0m
  ↳ C:/Ruby25-x64/lib/ruby/gems/2.5.0/gems/activerecord-5.2.2/lib/active_record/log_subscriber.rb:98
  Rendering complain_lists/show.html.erb within layouts/application
  Rendered complain_lists/show.html.erb within layouts/application (0.7ms)
Completed 200 OK in 348ms (Views: 257.2ms | ActiveRecord: 2.5ms)


Started GET "/complain_lists" for 127.0.0.1 at 2019-01-02 22:45:49 +0530
Processing by ComplainListsController#index as HTML
  [1m[36mUser Load (0.6ms)[0m  [1m[34mSELECT  `users`.* FROM `users` WHERE `users`.`id` = 1 ORDER BY `users`.`id` ASC LIMIT 1[0m
  ↳ C:/Ruby25-x64/lib/ruby/gems/2.5.0/gems/activerecord-5.2.2/lib/active_record/log_subscriber.rb:98
  Rendering complain_lists/index.html.erb within layouts/application
  [1m[36mComplainList Load (0.6ms)[0m  [1m[34mSELECT `complain_lists`.* FROM `complain_lists` WHERE `complain_lists`.`user_id` = 1[0m
  ↳ app/views/complain_lists/index.html.erb:15
  Rendered complain_lists/index.html.erb within layouts/application (4.4ms)
Completed 200 OK in 223ms (Views: 189.0ms | ActiveRecord: 1.2ms)


Started GET "/complain_lists" for 127.0.0.1 at 2019-01-02 23:21:52 +0530
  [1m[35m (0.7ms)[0m  [1m[35mSET NAMES utf8,  @@SESSION.sql_mode = CONCAT(CONCAT(@@sql_mode, ',STRICT_ALL_TABLES'), ',NO_AUTO_VALUE_ON_ZERO'),  @@SESSION.sql_auto_is_null = 0, @@SESSION.wait_timeout = 2147483[0m
  ↳ C:/Ruby25-x64/lib/ruby/gems/2.5.0/gems/activerecord-5.2.2/lib/active_record/log_subscriber.rb:98
Processing by ComplainListsController#index as HTML
  [1m[36mUser Load (0.9ms)[0m  [1m[34mSELECT  `users`.* FROM `users` WHERE `users`.`id` = 1 ORDER BY `users`.`id` ASC LIMIT 1[0m
  ↳ C:/Ruby25-x64/lib/ruby/gems/2.5.0/gems/activerecord-5.2.2/lib/active_record/log_subscriber.rb:98
  Rendering complain_lists/index.html.erb within layouts/application
  [1m[36mComplainList Load (0.7ms)[0m  [1m[34mSELECT `complain_lists`.* FROM `complain_lists` WHERE `complain_lists`.`user_id` = 1[0m
  ↳ app/views/complain_lists/index.html.erb:15
  Rendered complain_lists/index.html.erb within layouts/application (7.6ms)
Completed 200 OK in 191ms (Views: 158.6ms | ActiveRecord: 6.2ms)


Started GET "/complain_lists" for 127.0.0.1 at 2019-01-02 23:21:57 +0530
Processing by ComplainListsController#index as HTML
  [1m[36mUser Load (0.8ms)[0m  [1m[34mSELECT  `users`.* FROM `users` WHERE `users`.`id` = 1 ORDER BY `users`.`id` ASC LIMIT 1[0m
  ↳ C:/Ruby25-x64/lib/ruby/gems/2.5.0/gems/activerecord-5.2.2/lib/active_record/log_subscriber.rb:98
  Rendering complain_lists/index.html.erb within layouts/application
  [1m[36mComplainList Load (0.7ms)[0m  [1m[34mSELECT `complain_lists`.* FROM `complain_lists` WHERE `complain_lists`.`user_id` = 1[0m
  ↳ app/views/complain_lists/index.html.erb:15
  Rendered complain_lists/index.html.erb within layouts/application (7.7ms)
Completed 200 OK in 302ms (Views: 259.3ms | ActiveRecord: 1.5ms)


Started GET "/complain_lists" for 127.0.0.1 at 2019-01-02 23:21:58 +0530
Processing by ComplainListsController#index as HTML
  [1m[36mUser Load (0.9ms)[0m  [1m[34mSELECT  `users`.* FROM `users` WHERE `users`.`id` = 1 ORDER BY `users`.`id` ASC LIMIT 1[0m
  ↳ C:/Ruby25-x64/lib/ruby/gems/2.5.0/gems/activerecord-5.2.2/lib/active_record/log_subscriber.rb:98
  Rendering complain_lists/index.html.erb within layouts/application
  [1m[36mComplainList Load (0.6ms)[0m  [1m[34mSELECT `complain_lists`.* FROM `complain_lists` WHERE `complain_lists`.`user_id` = 1[0m
  ↳ app/views/complain_lists/index.html.erb:15
  Rendered complain_lists/index.html.erb within layouts/application (5.6ms)
Completed 200 OK in 225ms (Views: 180.8ms | ActiveRecord: 1.5ms)


Started GET "/complain_lists" for 127.0.0.1 at 2019-01-02 23:21:59 +0530
Processing by ComplainListsController#index as HTML
  [1m[36mUser Load (1.4ms)[0m  [1m[34mSELECT  `users`.* FROM `users` WHERE `users`.`id` = 1 ORDER BY `users`.`id` ASC LIMIT 1[0m
  ↳ C:/Ruby25-x64/lib/ruby/gems/2.5.0/gems/activerecord-5.2.2/lib/active_record/log_subscriber.rb:98
  Rendering complain_lists/index.html.erb within layouts/application
  [1m[36mComplainList Load (0.7ms)[0m  [1m[34mSELECT `complain_lists`.* FROM `complain_lists` WHERE `complain_lists`.`user_id` = 1[0m
  ↳ app/views/complain_lists/index.html.erb:15
  Rendered complain_lists/index.html.erb within layouts/application (4.1ms)
Completed 200 OK in 273ms (Views: 210.2ms | ActiveRecord: 2.1ms)


Started GET "/complain_lists" for 127.0.0.1 at 2019-01-02 23:22:48 +0530
Processing by ComplainListsController#index as HTML
  [1m[36mUser Load (0.5ms)[0m  [1m[34mSELECT  `users`.* FROM `users` WHERE `users`.`id` = 1 ORDER BY `users`.`id` ASC LIMIT 1[0m
  ↳ C:/Ruby25-x64/lib/ruby/gems/2.5.0/gems/activerecord-5.2.2/lib/active_record/log_subscriber.rb:98
  Rendering complain_lists/index.html.erb within layouts/application
  [1m[36mComplainList Load (0.6ms)[0m  [1m[34mSELECT `complain_lists`.* FROM `complain_lists` WHERE `complain_lists`.`user_id` = 1[0m
  ↳ app/views/complain_lists/index.html.erb:15
  Rendered complain_lists/index.html.erb within layouts/application (5.0ms)
Completed 200 OK in 109ms (Views: 85.1ms | ActiveRecord: 1.2ms)


Started GET "/users/sign_out" for 127.0.0.1 at 2019-01-02 23:22:55 +0530
  
ActionController::RoutingError (No route matches [GET] "/users/sign_out"):
  
actionpack (5.2.2) lib/action_dispatch/middleware/debug_exceptions.rb:65:in `call'
web-console (3.7.0) lib/web_console/middleware.rb:135:in `call_app'
web-console (3.7.0) lib/web_console/middleware.rb:30:in `block in call'
web-console (3.7.0) lib/web_console/middleware.rb:20:in `catch'
web-console (3.7.0) lib/web_console/middleware.rb:20:in `call'
actionpack (5.2.2) lib/action_dispatch/middleware/show_exceptions.rb:33:in `call'
railties (5.2.2) lib/rails/rack/logger.rb:38:in `call_app'
railties (5.2.2) lib/rails/rack/logger.rb:26:in `block in call'
activesupport (5.2.2) lib/active_support/tagged_logging.rb:71:in `block in tagged'
activesupport (5.2.2) lib/active_support/tagged_logging.rb:28:in `tagged'
activesupport (5.2.2) lib/active_support/tagged_logging.rb:71:in `tagged'
railties (5.2.2) lib/rails/rack/logger.rb:26:in `call'
sprockets-rails (3.2.1) lib/sprockets/rails/quiet_assets.rb:13:in `call'
actionpack (5.2.2) lib/action_dispatch/middleware/remote_ip.rb:81:in `call'
actionpack (5.2.2) lib/action_dispatch/middleware/request_id.rb:27:in `call'
rack (2.0.6) lib/rack/method_override.rb:22:in `call'
rack (2.0.6) lib/rack/runtime.rb:22:in `call'
activesupport (5.2.2) lib/active_support/cache/strategy/local_cache_middleware.rb:29:in `call'
actionpack (5.2.2) lib/action_dispatch/middleware/executor.rb:14:in `call'
actionpack (5.2.2) lib/action_dispatch/middleware/static.rb:127:in `call'
rack (2.0.6) lib/rack/sendfile.rb:111:in `call'
railties (5.2.2) lib/rails/engine.rb:524:in `call'
puma (3.12.0) lib/puma/configuration.rb:225:in `call'
puma (3.12.0) lib/puma/server.rb:658:in `handle_request'
puma (3.12.0) lib/puma/server.rb:472:in `process_client'
puma (3.12.0) lib/puma/server.rb:332:in `block in run'
puma (3.12.0) lib/puma/thread_pool.rb:133:in `block in spawn_thread'
  [1m[35m (0.6ms)[0m  [1m[35mSET NAMES utf8,  @@SESSION.sql_mode = CONCAT(CONCAT(@@sql_mode, ',STRICT_ALL_TABLES'), ',NO_AUTO_VALUE_ON_ZERO'),  @@SESSION.sql_auto_is_null = 0, @@SESSION.wait_timeout = 2147483[0m
  ↳ C:/Ruby25-x64/bin/rake:31
  [1m[35m (0.3ms)[0m  [1m[34mSELECT GET_LOCK('2728363987124474895', 0)[0m
  ↳ C:/Ruby25-x64/bin/rake:31
  [1m[35m (0.7ms)[0m  [1m[34mSELECT `schema_migrations`.`version` FROM `schema_migrations` ORDER BY `schema_migrations`.`version` ASC[0m
  ↳ C:/Ruby25-x64/bin/rake:31
Migrating to AddAdminToUser (20190102180450)
  [1m[35m (474.6ms)[0m  [1m[35mALTER TABLE `users` ADD `admin` tinyint(1) DEFAULT FALSE[0m
  ↳ db/migrate/20190102180450_add_admin_to_user.rb:3
  [1m[35m (0.3ms)[0m  [1m[35mBEGIN[0m
  ↳ C:/Ruby25-x64/bin/rake:31
  [1m[36mActiveRecord::SchemaMigration Create (0.7ms)[0m  [1m[32mINSERT INTO `schema_migrations` (`version`) VALUES ('20190102180450')[0m
  ↳ C:/Ruby25-x64/bin/rake:31
  [1m[35m (49.0ms)[0m  [1m[35mCOMMIT[0m
  ↳ C:/Ruby25-x64/bin/rake:31
  [1m[36mActiveRecord::InternalMetadata Load (0.7ms)[0m  [1m[34mSELECT  `ar_internal_metadata`.* FROM `ar_internal_metadata` WHERE `ar_internal_metadata`.`key` = 'environment' LIMIT 1[0m
  ↳ C:/Ruby25-x64/bin/rake:31
  [1m[35m (0.2ms)[0m  [1m[35mBEGIN[0m
  ↳ C:/Ruby25-x64/bin/rake:31
  [1m[35m (0.3ms)[0m  [1m[35mCOMMIT[0m
  ↳ C:/Ruby25-x64/bin/rake:31
  [1m[35m (0.3ms)[0m  [1m[34mSELECT RELEASE_LOCK('2728363987124474895')[0m
  ↳ C:/Ruby25-x64/bin/rake:31
  [1m[35m (0.3ms)[0m  [1m[34mSELECT `schema_migrations`.`version` FROM `schema_migrations` ORDER BY `schema_migrations`.`version` ASC[0m
  ↳ C:/Ruby25-x64/bin/rake:31
Started GET "/" for 127.0.0.1 at 2019-01-02 23:40:36 +0530
  [1m[35m (1.1ms)[0m  [1m[35mSET NAMES utf8,  @@SESSION.sql_mode = CONCAT(CONCAT(@@sql_mode, ',STRICT_ALL_TABLES'), ',NO_AUTO_VALUE_ON_ZERO'),  @@SESSION.sql_auto_is_null = 0, @@SESSION.wait_timeout = 2147483[0m
  ↳ C:/Ruby25-x64/lib/ruby/gems/2.5.0/gems/activerecord-5.2.2/lib/active_record/log_subscriber.rb:98
  [1m[35m (0.7ms)[0m  [1m[34mSELECT `schema_migrations`.`version` FROM `schema_migrations` ORDER BY `schema_migrations`.`version` ASC[0m
  ↳ C:/Ruby25-x64/lib/ruby/gems/2.5.0/gems/activerecord-5.2.2/lib/active_record/log_subscriber.rb:98
  
SyntaxError (C:/Users/TUSHAR DUBEY/assingment/app/controllers/complain_lists_controller.rb:77: syntax error, unexpected end-of-input, expecting keyword_end):
  
app/controllers/complain_lists_controller.rb:77: syntax error, unexpected end-of-input, expecting keyword_end
Started GET "/" for 127.0.0.1 at 2019-01-02 23:41:22 +0530
Processing by ComplainListsController#index as HTML
  [1m[36mUser Load (1.0ms)[0m  [1m[34mSELECT  `users`.* FROM `users` WHERE `users`.`id` = 1 ORDER BY `users`.`id` ASC LIMIT 1[0m
  ↳ C:/Ruby25-x64/lib/ruby/gems/2.5.0/gems/activerecord-5.2.2/lib/active_record/log_subscriber.rb:98
  Rendering complain_lists/index.html.erb within layouts/application
  [1m[36mComplainList Load (0.8ms)[0m  [1m[34mSELECT `complain_lists`.* FROM `complain_lists` WHERE `complain_lists`.`user_id` = 1[0m
  ↳ app/views/complain_lists/index.html.erb:15
  Rendered complain_lists/index.html.erb within layouts/application (23.1ms)
Completed 200 OK in 448ms (Views: 343.2ms | ActiveRecord: 34.6ms)


  [1m[35m (0.7ms)[0m  [1m[35mSET NAMES utf8,  @@SESSION.sql_mode = CONCAT(CONCAT(@@sql_mode, ',STRICT_ALL_TABLES'), ',NO_AUTO_VALUE_ON_ZERO'),  @@SESSION.sql_auto_is_null = 0, @@SESSION.wait_timeout = 2147483[0m
  ↳ C:/Ruby25-x64/bin/rake:31
  [1m[35m (0.3ms)[0m  [1m[34mSELECT GET_LOCK('2728363987124474895', 0)[0m
  ↳ C:/Ruby25-x64/bin/rake:31
  [1m[35m (0.6ms)[0m  [1m[34mSELECT `schema_migrations`.`version` FROM `schema_migrations` ORDER BY `schema_migrations`.`version` ASC[0m
  ↳ C:/Ruby25-x64/bin/rake:31
Migrating to AddColumnStatusToComplainLists (20190102185143)
  [1m[35m (506.3ms)[0m  [1m[35mALTER TABLE `complain_lists` ADD `status` int DEFAULT 0[0m
  ↳ db/migrate/20190102185143_add_column_status_to_complain_lists.rb:3
  [1m[35m (0.2ms)[0m  [1m[35mBEGIN[0m
  ↳ C:/Ruby25-x64/bin/rake:31
  [1m[36mActiveRecord::SchemaMigration Create (0.7ms)[0m  [1m[32mINSERT INTO `schema_migrations` (`version`) VALUES ('20190102185143')[0m
  ↳ C:/Ruby25-x64/bin/rake:31
  [1m[35m (139.0ms)[0m  [1m[35mCOMMIT[0m
  ↳ C:/Ruby25-x64/bin/rake:31
  [1m[36mActiveRecord::InternalMetadata Load (0.7ms)[0m  [1m[34mSELECT  `ar_internal_metadata`.* FROM `ar_internal_metadata` WHERE `ar_internal_metadata`.`key` = 'environment' LIMIT 1[0m
  ↳ C:/Ruby25-x64/bin/rake:31
  [1m[35m (0.3ms)[0m  [1m[35mBEGIN[0m
  ↳ C:/Ruby25-x64/bin/rake:31
  [1m[35m (0.3ms)[0m  [1m[35mCOMMIT[0m
  ↳ C:/Ruby25-x64/bin/rake:31
  [1m[35m (0.3ms)[0m  [1m[34mSELECT RELEASE_LOCK('2728363987124474895')[0m
  ↳ C:/Ruby25-x64/bin/rake:31
  [1m[35m (0.3ms)[0m  [1m[34mSELECT `schema_migrations`.`version` FROM `schema_migrations` ORDER BY `schema_migrations`.`version` ASC[0m
  ↳ C:/Ruby25-x64/bin/rake:31
Started GET "/" for 127.0.0.1 at 2019-01-03 20:16:20 +0530
  [1m[35m (2.1ms)[0m  [1m[35mSET NAMES utf8,  @@SESSION.sql_mode = CONCAT(CONCAT(@@sql_mode, ',STRICT_ALL_TABLES'), ',NO_AUTO_VALUE_ON_ZERO'),  @@SESSION.sql_auto_is_null = 0, @@SESSION.wait_timeout = 2147483[0m
  ↳ C:/Ruby25-x64/lib/ruby/gems/2.5.0/gems/activerecord-5.2.2/lib/active_record/log_subscriber.rb:98
  [1m[35m (1.3ms)[0m  [1m[34mSELECT `schema_migrations`.`version` FROM `schema_migrations` ORDER BY `schema_migrations`.`version` ASC[0m
  ↳ C:/Ruby25-x64/lib/ruby/gems/2.5.0/gems/activerecord-5.2.2/lib/active_record/log_subscriber.rb:98
Processing by ComplainListsController#index as HTML
  [1m[36mUser Load (2.0ms)[0m  [1m[34mSELECT  `users`.* FROM `users` WHERE `users`.`id` = 1 ORDER BY `users`.`id` ASC LIMIT 1[0m
  ↳ C:/Ruby25-x64/lib/ruby/gems/2.5.0/gems/activerecord-5.2.2/lib/active_record/log_subscriber.rb:98
  Rendering complain_lists/index.html.erb within layouts/application
  Rendered complain_lists/index.html.erb within layouts/application (2.1ms)
Completed 500 Internal Server Error in 708ms (ActiveRecord: 44.6ms)


  
SyntaxError (C:/Users/TUSHAR DUBEY/assingment/app/views/complain_lists/index.html.erb:42: syntax error, unexpected keyword_ensure, expecting keyword_end
          ensure
          ^~~~~~
C:/Users/TUSHAR DUBEY/assingment/app/views/complain_lists/index.html.erb:44: syntax error, unexpected end-of-input, expecting keyword_end
          end
             ^):
  
app/views/complain_lists/index.html.erb:42: syntax error, unexpected keyword_ensure, expecting keyword_end
app/views/complain_lists/index.html.erb:44: syntax error, unexpected end-of-input, expecting keyword_end
Started GET "/" for 127.0.0.1 at 2019-01-03 20:18:50 +0530
Processing by ComplainListsController#index as HTML
  [1m[36mUser Load (1.8ms)[0m  [1m[34mSELECT  `users`.* FROM `users` WHERE `users`.`id` = 1 ORDER BY `users`.`id` ASC LIMIT 1[0m
  ↳ C:/Ruby25-x64/lib/ruby/gems/2.5.0/gems/activerecord-5.2.2/lib/active_record/log_subscriber.rb:98
  Rendering complain_lists/index.html.erb within layouts/application
  [1m[36mComplainList Load (1.1ms)[0m  [1m[34mSELECT `complain_lists`.* FROM `complain_lists` WHERE `complain_lists`.`user_id` = 1[0m
  ↳ app/views/complain_lists/index.html.erb:16
  Rendered complain_lists/index.html.erb within layouts/application (26.1ms)
Completed 200 OK in 233ms (Views: 145.4ms | ActiveRecord: 16.4ms)


Started GET "/users/sign_out" for 127.0.0.1 at 2019-01-03 20:18:54 +0530
  
ActionController::RoutingError (No route matches [GET] "/users/sign_out"):
  
actionpack (5.2.2) lib/action_dispatch/middleware/debug_exceptions.rb:65:in `call'
web-console (3.7.0) lib/web_console/middleware.rb:135:in `call_app'
web-console (3.7.0) lib/web_console/middleware.rb:30:in `block in call'
web-console (3.7.0) lib/web_console/middleware.rb:20:in `catch'
web-console (3.7.0) lib/web_console/middleware.rb:20:in `call'
actionpack (5.2.2) lib/action_dispatch/middleware/show_exceptions.rb:33:in `call'
railties (5.2.2) lib/rails/rack/logger.rb:38:in `call_app'
railties (5.2.2) lib/rails/rack/logger.rb:26:in `block in call'
activesupport (5.2.2) lib/active_support/tagged_logging.rb:71:in `block in tagged'
activesupport (5.2.2) lib/active_support/tagged_logging.rb:28:in `tagged'
activesupport (5.2.2) lib/active_support/tagged_logging.rb:71:in `tagged'
railties (5.2.2) lib/rails/rack/logger.rb:26:in `call'
sprockets-rails (3.2.1) lib/sprockets/rails/quiet_assets.rb:13:in `call'
actionpack (5.2.2) lib/action_dispatch/middleware/remote_ip.rb:81:in `call'
actionpack (5.2.2) lib/action_dispatch/middleware/request_id.rb:27:in `call'
rack (2.0.6) lib/rack/method_override.rb:22:in `call'
rack (2.0.6) lib/rack/runtime.rb:22:in `call'
activesupport (5.2.2) lib/active_support/cache/strategy/local_cache_middleware.rb:29:in `call'
actionpack (5.2.2) lib/action_dispatch/middleware/executor.rb:14:in `call'
actionpack (5.2.2) lib/action_dispatch/middleware/static.rb:127:in `call'
rack (2.0.6) lib/rack/sendfile.rb:111:in `call'
railties (5.2.2) lib/rails/engine.rb:524:in `call'
puma (3.12.0) lib/puma/configuration.rb:225:in `call'
puma (3.12.0) lib/puma/server.rb:658:in `handle_request'
puma (3.12.0) lib/puma/server.rb:472:in `process_client'
puma (3.12.0) lib/puma/server.rb:332:in `block in run'
puma (3.12.0) lib/puma/thread_pool.rb:133:in `block in spawn_thread'
Started GET "/" for 127.0.0.1 at 2019-01-03 20:25:35 +0530
  [1m[35m (1.1ms)[0m  [1m[35mSET NAMES utf8,  @@SESSION.sql_mode = CONCAT(CONCAT(@@sql_mode, ',STRICT_ALL_TABLES'), ',NO_AUTO_VALUE_ON_ZERO'),  @@SESSION.sql_auto_is_null = 0, @@SESSION.wait_timeout = 2147483[0m
  ↳ C:/Ruby25-x64/lib/ruby/gems/2.5.0/gems/activerecord-5.2.2/lib/active_record/log_subscriber.rb:98
Processing by ComplainListsController#index as HTML
  [1m[36mUser Load (1.3ms)[0m  [1m[34mSELECT  `users`.* FROM `users` WHERE `users`.`id` = 1 ORDER BY `users`.`id` ASC LIMIT 1[0m
  ↳ C:/Ruby25-x64/lib/ruby/gems/2.5.0/gems/activerecord-5.2.2/lib/active_record/log_subscriber.rb:98
  Rendering complain_lists/index.html.erb within layouts/application
  [1m[36mComplainList Load (1.1ms)[0m  [1m[34mSELECT `complain_lists`.* FROM `complain_lists` WHERE `complain_lists`.`user_id` = 1[0m
  ↳ app/views/complain_lists/index.html.erb:16
  Rendered complain_lists/index.html.erb within layouts/application (12.1ms)
Completed 200 OK in 228ms (Views: 164.5ms | ActiveRecord: 11.3ms)


Started GET "/users/edit" for 127.0.0.1 at 2019-01-03 20:25:39 +0530
Processing by Devise::RegistrationsController#edit as HTML
  [1m[36mUser Load (0.7ms)[0m  [1m[34mSELECT  `users`.* FROM `users` WHERE `users`.`id` = 1 ORDER BY `users`.`id` ASC LIMIT 1[0m
  ↳ C:/Ruby25-x64/lib/ruby/gems/2.5.0/gems/activerecord-5.2.2/lib/active_record/log_subscriber.rb:98
  Rendering devise/registrations/edit.html.erb within layouts/application
  Rendered devise/registrations/edit.html.erb within layouts/application (376.2ms)
Completed 200 OK in 625ms (Views: 618.4ms | ActiveRecord: 0.7ms)


Started GET "/" for 127.0.0.1 at 2019-01-03 20:25:46 +0530
Processing by ComplainListsController#index as HTML
  [1m[36mUser Load (0.7ms)[0m  [1m[34mSELECT  `users`.* FROM `users` WHERE `users`.`id` = 1 ORDER BY `users`.`id` ASC LIMIT 1[0m
  ↳ C:/Ruby25-x64/lib/ruby/gems/2.5.0/gems/activerecord-5.2.2/lib/active_record/log_subscriber.rb:98
  Rendering complain_lists/index.html.erb within layouts/application
  [1m[36mComplainList Load (0.6ms)[0m  [1m[34mSELECT `complain_lists`.* FROM `complain_lists` WHERE `complain_lists`.`user_id` = 1[0m
  ↳ app/views/complain_lists/index.html.erb:16
  Rendered complain_lists/index.html.erb within layouts/application (5.8ms)
Completed 200 OK in 171ms (Views: 130.8ms | ActiveRecord: 1.3ms)


Started GET "/complain_lists/1" for 127.0.0.1 at 2019-01-03 20:27:16 +0530
Processing by ComplainListsController#show as HTML
  Parameters: {"id"=>"1"}
  [1m[36mComplainList Load (1.7ms)[0m  [1m[34mSELECT  `complain_lists`.* FROM `complain_lists` WHERE `complain_lists`.`id` = 1 LIMIT 1[0m
  ↳ app/controllers/complain_lists_controller.rb:71
  [1m[36mUser Load (1.7ms)[0m  [1m[34mSELECT  `users`.* FROM `users` WHERE `users`.`id` = 1 ORDER BY `users`.`id` ASC LIMIT 1[0m
  ↳ C:/Ruby25-x64/lib/ruby/gems/2.5.0/gems/activerecord-5.2.2/lib/active_record/log_subscriber.rb:98
  Rendering complain_lists/show.html.erb within layouts/application
  Rendered complain_lists/show.html.erb within layouts/application (1.7ms)
Completed 200 OK in 267ms (Views: 172.6ms | ActiveRecord: 3.4ms)


Started GET "/complain_lists" for 127.0.0.1 at 2019-01-03 20:27:19 +0530
Processing by ComplainListsController#index as HTML
  [1m[36mUser Load (0.6ms)[0m  [1m[34mSELECT  `users`.* FROM `users` WHERE `users`.`id` = 1 ORDER BY `users`.`id` ASC LIMIT 1[0m
  ↳ C:/Ruby25-x64/lib/ruby/gems/2.5.0/gems/activerecord-5.2.2/lib/active_record/log_subscriber.rb:98
  Rendering complain_lists/index.html.erb within layouts/application
  [1m[36mComplainList Load (0.5ms)[0m  [1m[34mSELECT `complain_lists`.* FROM `complain_lists` WHERE `complain_lists`.`user_id` = 1[0m
  ↳ app/views/complain_lists/index.html.erb:16
  Rendered complain_lists/index.html.erb within layouts/application (5.3ms)
Completed 200 OK in 112ms (Views: 84.2ms | ActiveRecord: 1.1ms)


Started GET "/" for 127.0.0.1 at 2019-01-03 22:00:47 +0530
  [1m[35m (0.7ms)[0m  [1m[35mSET NAMES utf8,  @@SESSION.sql_mode = CONCAT(CONCAT(@@sql_mode, ',STRICT_ALL_TABLES'), ',NO_AUTO_VALUE_ON_ZERO'),  @@SESSION.sql_auto_is_null = 0, @@SESSION.wait_timeout = 2147483[0m
  ↳ C:/Ruby25-x64/lib/ruby/gems/2.5.0/gems/activerecord-5.2.2/lib/active_record/log_subscriber.rb:98
Processing by ComplainListsController#index as HTML
  [1m[36mUser Load (1.1ms)[0m  [1m[34mSELECT  `users`.* FROM `users` WHERE `users`.`id` = 1 ORDER BY `users`.`id` ASC LIMIT 1[0m
  ↳ C:/Ruby25-x64/lib/ruby/gems/2.5.0/gems/activerecord-5.2.2/lib/active_record/log_subscriber.rb:98
  Rendering complain_lists/index.html.erb within layouts/application
  [1m[36mComplainList Load (0.8ms)[0m  [1m[34mSELECT `complain_lists`.* FROM `complain_lists` WHERE `complain_lists`.`user_id` = 1[0m
  ↳ app/views/complain_lists/index.html.erb:16
  Rendered complain_lists/index.html.erb within layouts/application (6.1ms)
Completed 200 OK in 113ms (Views: 82.0ms | ActiveRecord: 6.1ms)


Started GET "/" for 127.0.0.1 at 2019-01-03 22:00:50 +0530
Processing by ComplainListsController#index as HTML
  [1m[36mUser Load (0.5ms)[0m  [1m[34mSELECT  `users`.* FROM `users` WHERE `users`.`id` = 1 ORDER BY `users`.`id` ASC LIMIT 1[0m
  ↳ C:/Ruby25-x64/lib/ruby/gems/2.5.0/gems/activerecord-5.2.2/lib/active_record/log_subscriber.rb:98
  Rendering complain_lists/index.html.erb within layouts/application
  [1m[36mComplainList Load (0.8ms)[0m  [1m[34mSELECT `complain_lists`.* FROM `complain_lists` WHERE `complain_lists`.`user_id` = 1[0m
  ↳ app/views/complain_lists/index.html.erb:16
  Rendered complain_lists/index.html.erb within layouts/application (5.6ms)
Completed 200 OK in 106ms (Views: 81.9ms | ActiveRecord: 1.3ms)


Started GET "/users/edit" for 127.0.0.1 at 2019-01-03 22:00:51 +0530
Processing by Devise::RegistrationsController#edit as HTML
  [1m[36mUser Load (0.5ms)[0m  [1m[34mSELECT  `users`.* FROM `users` WHERE `users`.`id` = 1 ORDER BY `users`.`id` ASC LIMIT 1[0m
  ↳ C:/Ruby25-x64/lib/ruby/gems/2.5.0/gems/activerecord-5.2.2/lib/active_record/log_subscriber.rb:98
  Rendering devise/registrations/edit.html.erb within layouts/application
  Rendered devise/registrations/edit.html.erb within layouts/application (4.0ms)
Completed 200 OK in 131ms (Views: 125.0ms | ActiveRecord: 0.5ms)


Started DELETE "/users" for 127.0.0.1 at 2019-01-03 22:00:59 +0530
Processing by Devise::RegistrationsController#destroy as HTML
  Parameters: {"authenticity_token"=>"WM+Xz3MPpPSN3U26pl5YPBJgMWuFG54ALWvFJCL2fFpoo6Paod2dsgpErymviSuUrkzloZfPV0rokytKpi3+FA=="}
  [1m[36mUser Load (1.7ms)[0m  [1m[34mSELECT  `users`.* FROM `users` WHERE `users`.`id` = 1 ORDER BY `users`.`id` ASC LIMIT 1[0m
  ↳ C:/Ruby25-x64/lib/ruby/gems/2.5.0/gems/activerecord-5.2.2/lib/active_record/log_subscriber.rb:98
  [1m[35m (0.6ms)[0m  [1m[35mBEGIN[0m
  ↳ C:/Ruby25-x64/lib/ruby/gems/2.5.0/gems/activerecord-5.2.2/lib/active_record/log_subscriber.rb:98
  [1m[36mUser Destroy (33.3ms)[0m  [1m[31mDELETE FROM `users` WHERE `users`.`id` = 1[0m
  ↳ C:/Ruby25-x64/lib/ruby/gems/2.5.0/gems/activerecord-5.2.2/lib/active_record/log_subscriber.rb:98
  [1m[35m (128.7ms)[0m  [1m[35mCOMMIT[0m
  ↳ C:/Ruby25-x64/lib/ruby/gems/2.5.0/gems/activerecord-5.2.2/lib/active_record/log_subscriber.rb:98
Redirected to http://localhost:3000/
Completed 302 Found in 243ms (ActiveRecord: 164.3ms)


Started GET "/" for 127.0.0.1 at 2019-01-03 22:00:59 +0530
Processing by ComplainListsController#index as HTML
Completed 401 Unauthorized in 3ms (ActiveRecord: 0.0ms)


Started GET "/users/sign_in" for 127.0.0.1 at 2019-01-03 22:00:59 +0530
Processing by Devise::SessionsController#new as HTML
  Rendering devise/sessions/new.html.erb within layouts/application
  Rendered devise/shared/_links.html.erb (2.0ms)
  Rendered devise/sessions/new.html.erb within layouts/application (146.6ms)
Completed 200 OK in 491ms (Views: 453.2ms | ActiveRecord: 0.0ms)


Started POST "/users/sign_in" for 127.0.0.1 at 2019-01-03 22:01:25 +0530
Processing by Devise::SessionsController#create as HTML
  Parameters: {"utf8"=>"✓", "authenticity_token"=>"Ndq5wmow4K2eWfuuvVOAtEHirf9i/6gXucXbD5HdbN1zAX9Pp+yhz79AvUeAsKekqT36idVWff39tTwFiNSO7A==", "user"=>{"email"=>"local@gmail.com", "password"=>"[FILTERED]", "remember_me"=>"0"}, "commit"=>"Log in"}
  [1m[36mUser Load (1.1ms)[0m  [1m[34mSELECT  `users`.* FROM `users` WHERE `users`.`email` = 'local@gmail.com' ORDER BY `users`.`id` ASC LIMIT 1[0m
  ↳ C:/Ruby25-x64/lib/ruby/gems/2.5.0/gems/activerecord-5.2.2/lib/active_record/log_subscriber.rb:98
Completed 401 Unauthorized in 54ms (ActiveRecord: 1.1ms)


Processing by Devise::SessionsController#new as HTML
  Parameters: {"utf8"=>"✓", "authenticity_token"=>"Ndq5wmow4K2eWfuuvVOAtEHirf9i/6gXucXbD5HdbN1zAX9Pp+yhz79AvUeAsKekqT36idVWff39tTwFiNSO7A==", "user"=>{"email"=>"local@gmail.com", "password"=>"[FILTERED]", "remember_me"=>"0"}, "commit"=>"Log in"}
  Rendering devise/sessions/new.html.erb within layouts/application
  Rendered devise/shared/_links.html.erb (1.4ms)
  Rendered devise/sessions/new.html.erb within layouts/application (38.6ms)
Completed 200 OK in 674ms (Views: 262.5ms | ActiveRecord: 0.0ms)


Started POST "/users/sign_in" for 127.0.0.1 at 2019-01-03 22:07:34 +0530
  [1m[35m (0.6ms)[0m  [1m[35mSET NAMES utf8,  @@SESSION.sql_mode = CONCAT(CONCAT(@@sql_mode, ',STRICT_ALL_TABLES'), ',NO_AUTO_VALUE_ON_ZERO'),  @@SESSION.sql_auto_is_null = 0, @@SESSION.wait_timeout = 2147483[0m
  ↳ C:/Ruby25-x64/lib/ruby/gems/2.5.0/gems/activerecord-5.2.2/lib/active_record/log_subscriber.rb:98
Processing by Devise::SessionsController#create as HTML
  Parameters: {"utf8"=>"✓", "authenticity_token"=>"Ndq5wmow4K2eWfuuvVOAtEHirf9i/6gXucXbD5HdbN1zAX9Pp+yhz79AvUeAsKekqT36idVWff39tTwFiNSO7A==", "user"=>{"email"=>"local@gmail.com", "password"=>"[FILTERED]", "remember_me"=>"0"}, "commit"=>"Log in"}
  [1m[36mUser Load (1.0ms)[0m  [1m[34mSELECT  `users`.* FROM `users` WHERE `users`.`email` = 'local@gmail.com' ORDER BY `users`.`id` ASC LIMIT 1[0m
  ↳ C:/Ruby25-x64/lib/ruby/gems/2.5.0/gems/activerecord-5.2.2/lib/active_record/log_subscriber.rb:98
Completed 401 Unauthorized in 11ms (ActiveRecord: 5.3ms)


Processing by Devise::SessionsController#new as HTML
  Parameters: {"utf8"=>"✓", "authenticity_token"=>"Ndq5wmow4K2eWfuuvVOAtEHirf9i/6gXucXbD5HdbN1zAX9Pp+yhz79AvUeAsKekqT36idVWff39tTwFiNSO7A==", "user"=>{"email"=>"local@gmail.com", "password"=>"[FILTERED]", "remember_me"=>"0"}, "commit"=>"Log in"}
  Rendering devise/sessions/new.html.erb within layouts/application
  Rendered devise/shared/_links.html.erb (0.8ms)
  Rendered devise/sessions/new.html.erb within layouts/application (26.2ms)
Completed 200 OK in 298ms (Views: 151.4ms | ActiveRecord: 0.0ms)


Started GET "/" for 127.0.0.1 at 2019-01-03 22:07:58 +0530
Processing by ComplainListsController#index as HTML
Completed 401 Unauthorized in 1ms (ActiveRecord: 0.0ms)


Started GET "/users/sign_in" for 127.0.0.1 at 2019-01-03 22:07:58 +0530
Processing by Devise::SessionsController#new as HTML
  Rendering devise/sessions/new.html.erb within layouts/application
  Rendered devise/shared/_links.html.erb (0.9ms)
  Rendered devise/sessions/new.html.erb within layouts/application (24.0ms)
Completed 200 OK in 169ms (Views: 167.5ms | ActiveRecord: 0.0ms)


Started GET "/users/sign_up" for 127.0.0.1 at 2019-01-03 22:47:02 +0530
  [1m[35m (1.2ms)[0m  [1m[35mSET NAMES utf8,  @@SESSION.sql_mode = CONCAT(CONCAT(@@sql_mode, ',STRICT_ALL_TABLES'), ',NO_AUTO_VALUE_ON_ZERO'),  @@SESSION.sql_auto_is_null = 0, @@SESSION.wait_timeout = 2147483[0m
  ↳ C:/Ruby25-x64/lib/ruby/gems/2.5.0/gems/activerecord-5.2.2/lib/active_record/log_subscriber.rb:98
  [1m[35m (1.5ms)[0m  [1m[34mSELECT `schema_migrations`.`version` FROM `schema_migrations` ORDER BY `schema_migrations`.`version` ASC[0m
  ↳ C:/Ruby25-x64/lib/ruby/gems/2.5.0/gems/activerecord-5.2.2/lib/active_record/log_subscriber.rb:98
Processing by Devise::RegistrationsController#new as HTML
  Rendering devise/registrations/new.html.erb within layouts/application
  Rendered devise/shared/_links.html.erb (1.6ms)
  Rendered devise/registrations/new.html.erb within layouts/application (310.6ms)
Completed 200 OK in 674ms (Views: 608.4ms | ActiveRecord: 34.7ms)


Started POST "/users" for 127.0.0.1 at 2019-01-03 22:47:22 +0530
Processing by Devise::RegistrationsController#create as HTML
  Parameters: {"utf8"=>"✓", "authenticity_token"=>"Jb934qqXEz2hWHQSW/b2ItbYrGWc8P0vsvgQC0k6zmTCeyfBoLZMTD3jWe2AcWODDFS8oWJAAomKlafklNgwvw==", "user"=>{"email"=>"lol@gmail.com", "password"=>"[FILTERED]", "password_confirmation"=>"[FILTERED]"}, "commit"=>"Sign up"}
  [1m[35m (0.4ms)[0m  [1m[35mBEGIN[0m
  ↳ C:/Ruby25-x64/lib/ruby/gems/2.5.0/gems/activerecord-5.2.2/lib/active_record/log_subscriber.rb:98
  [1m[36mUser Exists (1.0ms)[0m  [1m[34mSELECT  1 AS one FROM `users` WHERE `users`.`email` = BINARY 'lol@gmail.com' LIMIT 1[0m
  ↳ C:/Ruby25-x64/lib/ruby/gems/2.5.0/gems/activerecord-5.2.2/lib/active_record/log_subscriber.rb:98
  [1m[35m (0.5ms)[0m  [1m[31mROLLBACK[0m
  ↳ C:/Ruby25-x64/lib/ruby/gems/2.5.0/gems/activerecord-5.2.2/lib/active_record/log_subscriber.rb:98
  Rendering devise/registrations/new.html.erb within layouts/application
  Rendered devise/shared/_links.html.erb (2.0ms)
  Rendered devise/registrations/new.html.erb within layouts/application (40.1ms)
Completed 200 OK in 770ms (Views: 223.6ms | ActiveRecord: 1.9ms)


Started POST "/users" for 127.0.0.1 at 2019-01-03 22:47:31 +0530
Processing by Devise::RegistrationsController#create as HTML
  Parameters: {"utf8"=>"✓", "authenticity_token"=>"pfJPlqop9zQRLHbii+PioQwjJ3PNiBuvBQiicDl5RvlCNh+1oAioRY2XWx1QZHcA1q83tzM45Ak9ZRWf5Ju4Ig==", "user"=>{"email"=>"lol@gmail.com", "password"=>"[FILTERED]", "password_confirmation"=>"[FILTERED]"}, "commit"=>"Sign up"}
  [1m[35m (0.5ms)[0m  [1m[35mBEGIN[0m
  ↳ C:/Ruby25-x64/lib/ruby/gems/2.5.0/gems/activerecord-5.2.2/lib/active_record/log_subscriber.rb:98
  [1m[36mUser Exists (0.6ms)[0m  [1m[34mSELECT  1 AS one FROM `users` WHERE `users`.`email` = BINARY 'lol@gmail.com' LIMIT 1[0m
  ↳ C:/Ruby25-x64/lib/ruby/gems/2.5.0/gems/activerecord-5.2.2/lib/active_record/log_subscriber.rb:98
  [1m[36mUser Create (28.6ms)[0m  [1m[32mINSERT INTO `users` (`email`, `encrypted_password`, `created_at`, `updated_at`) VALUES ('lol@gmail.com', '$2a$11$DdngbxWfDWIrTCJY93OedetJjBmNTHBkZy0lM7DO8VBfhfFC38xDG', '2019-01-03 17:17:31', '2019-01-03 17:17:31')[0m
  ↳ C:/Ruby25-x64/lib/ruby/gems/2.5.0/gems/activerecord-5.2.2/lib/active_record/log_subscriber.rb:98
  [1m[35m (192.1ms)[0m  [1m[35mCOMMIT[0m
  ↳ C:/Ruby25-x64/lib/ruby/gems/2.5.0/gems/activerecord-5.2.2/lib/active_record/log_subscriber.rb:98
Redirected to http://localhost:3000/
Completed 302 Found in 682ms (ActiveRecord: 221.6ms)


Started GET "/" for 127.0.0.1 at 2019-01-03 22:47:32 +0530
Processing by ComplainListsController#index as HTML
  [1m[36mUser Load (0.7ms)[0m  [1m[34mSELECT  `users`.* FROM `users` WHERE `users`.`id` = 2 ORDER BY `users`.`id` ASC LIMIT 1[0m
  ↳ C:/Ruby25-x64/lib/ruby/gems/2.5.0/gems/activerecord-5.2.2/lib/active_record/log_subscriber.rb:98
  Rendering complain_lists/index.html.erb within layouts/application
  [1m[36mComplainList Load (0.8ms)[0m  [1m[34mSELECT `complain_lists`.* FROM `complain_lists` WHERE `complain_lists`.`user_id` = 2[0m
  ↳ app/views/complain_lists/index.html.erb:16
  Rendered complain_lists/index.html.erb within layouts/application (6.3ms)
Completed 200 OK in 251ms (Views: 128.5ms | ActiveRecord: 4.0ms)


Started GET "/users/sign_out" for 127.0.0.1 at 2019-01-03 22:47:38 +0530
  
ActionController::RoutingError (No route matches [GET] "/users/sign_out"):
  
actionpack (5.2.2) lib/action_dispatch/middleware/debug_exceptions.rb:65:in `call'
web-console (3.7.0) lib/web_console/middleware.rb:135:in `call_app'
web-console (3.7.0) lib/web_console/middleware.rb:30:in `block in call'
web-console (3.7.0) lib/web_console/middleware.rb:20:in `catch'
web-console (3.7.0) lib/web_console/middleware.rb:20:in `call'
actionpack (5.2.2) lib/action_dispatch/middleware/show_exceptions.rb:33:in `call'
railties (5.2.2) lib/rails/rack/logger.rb:38:in `call_app'
railties (5.2.2) lib/rails/rack/logger.rb:26:in `block in call'
activesupport (5.2.2) lib/active_support/tagged_logging.rb:71:in `block in tagged'
activesupport (5.2.2) lib/active_support/tagged_logging.rb:28:in `tagged'
activesupport (5.2.2) lib/active_support/tagged_logging.rb:71:in `tagged'
railties (5.2.2) lib/rails/rack/logger.rb:26:in `call'
sprockets-rails (3.2.1) lib/sprockets/rails/quiet_assets.rb:13:in `call'
actionpack (5.2.2) lib/action_dispatch/middleware/remote_ip.rb:81:in `call'
actionpack (5.2.2) lib/action_dispatch/middleware/request_id.rb:27:in `call'
rack (2.0.6) lib/rack/method_override.rb:22:in `call'
rack (2.0.6) lib/rack/runtime.rb:22:in `call'
activesupport (5.2.2) lib/active_support/cache/strategy/local_cache_middleware.rb:29:in `call'
actionpack (5.2.2) lib/action_dispatch/middleware/executor.rb:14:in `call'
actionpack (5.2.2) lib/action_dispatch/middleware/static.rb:127:in `call'
rack (2.0.6) lib/rack/sendfile.rb:111:in `call'
railties (5.2.2) lib/rails/engine.rb:524:in `call'
puma (3.12.0) lib/puma/configuration.rb:225:in `call'
puma (3.12.0) lib/puma/server.rb:658:in `handle_request'
puma (3.12.0) lib/puma/server.rb:472:in `process_client'
puma (3.12.0) lib/puma/server.rb:332:in `block in run'
puma (3.12.0) lib/puma/thread_pool.rb:133:in `block in spawn_thread'
Started GET "/users/sign_out" for 127.0.0.1 at 2019-01-03 22:51:07 +0530
  
ActionController::RoutingError (No route matches [GET] "/users/sign_out"):
  
actionpack (5.2.2) lib/action_dispatch/middleware/debug_exceptions.rb:65:in `call'
web-console (3.7.0) lib/web_console/middleware.rb:135:in `call_app'
web-console (3.7.0) lib/web_console/middleware.rb:30:in `block in call'
web-console (3.7.0) lib/web_console/middleware.rb:20:in `catch'
web-console (3.7.0) lib/web_console/middleware.rb:20:in `call'
actionpack (5.2.2) lib/action_dispatch/middleware/show_exceptions.rb:33:in `call'
railties (5.2.2) lib/rails/rack/logger.rb:38:in `call_app'
railties (5.2.2) lib/rails/rack/logger.rb:26:in `block in call'
activesupport (5.2.2) lib/active_support/tagged_logging.rb:71:in `block in tagged'
activesupport (5.2.2) lib/active_support/tagged_logging.rb:28:in `tagged'
activesupport (5.2.2) lib/active_support/tagged_logging.rb:71:in `tagged'
railties (5.2.2) lib/rails/rack/logger.rb:26:in `call'
sprockets-rails (3.2.1) lib/sprockets/rails/quiet_assets.rb:13:in `call'
actionpack (5.2.2) lib/action_dispatch/middleware/remote_ip.rb:81:in `call'
actionpack (5.2.2) lib/action_dispatch/middleware/request_id.rb:27:in `call'
rack (2.0.6) lib/rack/method_override.rb:22:in `call'
rack (2.0.6) lib/rack/runtime.rb:22:in `call'
activesupport (5.2.2) lib/active_support/cache/strategy/local_cache_middleware.rb:29:in `call'
actionpack (5.2.2) lib/action_dispatch/middleware/executor.rb:14:in `call'
actionpack (5.2.2) lib/action_dispatch/middleware/static.rb:127:in `call'
rack (2.0.6) lib/rack/sendfile.rb:111:in `call'
railties (5.2.2) lib/rails/engine.rb:524:in `call'
puma (3.12.0) lib/puma/configuration.rb:225:in `call'
puma (3.12.0) lib/puma/server.rb:658:in `handle_request'
puma (3.12.0) lib/puma/server.rb:472:in `process_client'
puma (3.12.0) lib/puma/server.rb:332:in `block in run'
puma (3.12.0) lib/puma/thread_pool.rb:133:in `block in spawn_thread'
Started GET "/users/sign_out" for 127.0.0.1 at 2019-01-03 22:52:28 +0530
  
ActionController::RoutingError (No route matches [GET] "/users/sign_out"):
  
actionpack (5.2.2) lib/action_dispatch/middleware/debug_exceptions.rb:65:in `call'
web-console (3.7.0) lib/web_console/middleware.rb:135:in `call_app'
web-console (3.7.0) lib/web_console/middleware.rb:30:in `block in call'
web-console (3.7.0) lib/web_console/middleware.rb:20:in `catch'
web-console (3.7.0) lib/web_console/middleware.rb:20:in `call'
actionpack (5.2.2) lib/action_dispatch/middleware/show_exceptions.rb:33:in `call'
railties (5.2.2) lib/rails/rack/logger.rb:38:in `call_app'
railties (5.2.2) lib/rails/rack/logger.rb:26:in `block in call'
activesupport (5.2.2) lib/active_support/tagged_logging.rb:71:in `block in tagged'
activesupport (5.2.2) lib/active_support/tagged_logging.rb:28:in `tagged'
activesupport (5.2.2) lib/active_support/tagged_logging.rb:71:in `tagged'
railties (5.2.2) lib/rails/rack/logger.rb:26:in `call'
sprockets-rails (3.2.1) lib/sprockets/rails/quiet_assets.rb:13:in `call'
actionpack (5.2.2) lib/action_dispatch/middleware/remote_ip.rb:81:in `call'
actionpack (5.2.2) lib/action_dispatch/middleware/request_id.rb:27:in `call'
rack (2.0.6) lib/rack/method_override.rb:22:in `call'
rack (2.0.6) lib/rack/runtime.rb:22:in `call'
activesupport (5.2.2) lib/active_support/cache/strategy/local_cache_middleware.rb:29:in `call'
actionpack (5.2.2) lib/action_dispatch/middleware/executor.rb:14:in `call'
actionpack (5.2.2) lib/action_dispatch/middleware/static.rb:127:in `call'
rack (2.0.6) lib/rack/sendfile.rb:111:in `call'
railties (5.2.2) lib/rails/engine.rb:524:in `call'
puma (3.12.0) lib/puma/configuration.rb:225:in `call'
puma (3.12.0) lib/puma/server.rb:658:in `handle_request'
puma (3.12.0) lib/puma/server.rb:472:in `process_client'
puma (3.12.0) lib/puma/server.rb:332:in `block in run'
puma (3.12.0) lib/puma/thread_pool.rb:133:in `block in spawn_thread'
Started GET "/users/" for 127.0.0.1 at 2019-01-03 22:52:38 +0530
  
ActionController::RoutingError (No route matches [GET] "/users"):
  
actionpack (5.2.2) lib/action_dispatch/middleware/debug_exceptions.rb:65:in `call'
web-console (3.7.0) lib/web_console/middleware.rb:135:in `call_app'
web-console (3.7.0) lib/web_console/middleware.rb:30:in `block in call'
web-console (3.7.0) lib/web_console/middleware.rb:20:in `catch'
web-console (3.7.0) lib/web_console/middleware.rb:20:in `call'
actionpack (5.2.2) lib/action_dispatch/middleware/show_exceptions.rb:33:in `call'
railties (5.2.2) lib/rails/rack/logger.rb:38:in `call_app'
railties (5.2.2) lib/rails/rack/logger.rb:26:in `block in call'
activesupport (5.2.2) lib/active_support/tagged_logging.rb:71:in `block in tagged'
activesupport (5.2.2) lib/active_support/tagged_logging.rb:28:in `tagged'
activesupport (5.2.2) lib/active_support/tagged_logging.rb:71:in `tagged'
railties (5.2.2) lib/rails/rack/logger.rb:26:in `call'
sprockets-rails (3.2.1) lib/sprockets/rails/quiet_assets.rb:13:in `call'
actionpack (5.2.2) lib/action_dispatch/middleware/remote_ip.rb:81:in `call'
actionpack (5.2.2) lib/action_dispatch/middleware/request_id.rb:27:in `call'
rack (2.0.6) lib/rack/method_override.rb:22:in `call'
rack (2.0.6) lib/rack/runtime.rb:22:in `call'
activesupport (5.2.2) lib/active_support/cache/strategy/local_cache_middleware.rb:29:in `call'
actionpack (5.2.2) lib/action_dispatch/middleware/executor.rb:14:in `call'
actionpack (5.2.2) lib/action_dispatch/middleware/static.rb:127:in `call'
rack (2.0.6) lib/rack/sendfile.rb:111:in `call'
railties (5.2.2) lib/rails/engine.rb:524:in `call'
puma (3.12.0) lib/puma/configuration.rb:225:in `call'
puma (3.12.0) lib/puma/server.rb:658:in `handle_request'
puma (3.12.0) lib/puma/server.rb:472:in `process_client'
puma (3.12.0) lib/puma/server.rb:332:in `block in run'
puma (3.12.0) lib/puma/thread_pool.rb:133:in `block in spawn_thread'
Started GET "/" for 127.0.0.1 at 2019-01-03 22:52:51 +0530
Processing by ComplainListsController#index as HTML
  [1m[36mUser Load (1.0ms)[0m  [1m[34mSELECT  `users`.* FROM `users` WHERE `users`.`id` = 2 ORDER BY `users`.`id` ASC LIMIT 1[0m
  ↳ C:/Ruby25-x64/lib/ruby/gems/2.5.0/gems/activerecord-5.2.2/lib/active_record/log_subscriber.rb:98
  Rendering complain_lists/index.html.erb within layouts/application
  [1m[36mComplainList Load (0.7ms)[0m  [1m[34mSELECT `complain_lists`.* FROM `complain_lists` WHERE `complain_lists`.`user_id` = 2[0m
  ↳ app/views/complain_lists/index.html.erb:16
  Rendered complain_lists/index.html.erb within layouts/application (6.0ms)
Completed 200 OK in 233ms (Views: 132.7ms | ActiveRecord: 35.8ms)


Started GET "/users/sign_out" for 127.0.0.1 at 2019-01-03 22:53:06 +0530
  
ActionController::RoutingError (No route matches [GET] "/users/sign_out"):
  
actionpack (5.2.2) lib/action_dispatch/middleware/debug_exceptions.rb:65:in `call'
web-console (3.7.0) lib/web_console/middleware.rb:135:in `call_app'
web-console (3.7.0) lib/web_console/middleware.rb:30:in `block in call'
web-console (3.7.0) lib/web_console/middleware.rb:20:in `catch'
web-console (3.7.0) lib/web_console/middleware.rb:20:in `call'
actionpack (5.2.2) lib/action_dispatch/middleware/show_exceptions.rb:33:in `call'
railties (5.2.2) lib/rails/rack/logger.rb:38:in `call_app'
railties (5.2.2) lib/rails/rack/logger.rb:26:in `block in call'
activesupport (5.2.2) lib/active_support/tagged_logging.rb:71:in `block in tagged'
activesupport (5.2.2) lib/active_support/tagged_logging.rb:28:in `tagged'
activesupport (5.2.2) lib/active_support/tagged_logging.rb:71:in `tagged'
railties (5.2.2) lib/rails/rack/logger.rb:26:in `call'
sprockets-rails (3.2.1) lib/sprockets/rails/quiet_assets.rb:13:in `call'
actionpack (5.2.2) lib/action_dispatch/middleware/remote_ip.rb:81:in `call'
actionpack (5.2.2) lib/action_dispatch/middleware/request_id.rb:27:in `call'
rack (2.0.6) lib/rack/method_override.rb:22:in `call'
rack (2.0.6) lib/rack/runtime.rb:22:in `call'
activesupport (5.2.2) lib/active_support/cache/strategy/local_cache_middleware.rb:29:in `call'
actionpack (5.2.2) lib/action_dispatch/middleware/executor.rb:14:in `call'
actionpack (5.2.2) lib/action_dispatch/middleware/static.rb:127:in `call'
rack (2.0.6) lib/rack/sendfile.rb:111:in `call'
railties (5.2.2) lib/rails/engine.rb:524:in `call'
puma (3.12.0) lib/puma/configuration.rb:225:in `call'
puma (3.12.0) lib/puma/server.rb:658:in `handle_request'
puma (3.12.0) lib/puma/server.rb:472:in `process_client'
puma (3.12.0) lib/puma/server.rb:332:in `block in run'
puma (3.12.0) lib/puma/thread_pool.rb:133:in `block in spawn_thread'
  [1m[35m (0.8ms)[0m  [1m[35mSET NAMES utf8,  @@SESSION.sql_mode = CONCAT(CONCAT(@@sql_mode, ',STRICT_ALL_TABLES'), ',NO_AUTO_VALUE_ON_ZERO'),  @@SESSION.sql_auto_is_null = 0, @@SESSION.wait_timeout = 2147483[0m
  [1m[36mUser Load (27.6ms)[0m  [1m[34mSELECT  `users`.* FROM `users` ORDER BY `users`.`id` DESC LIMIT 1[0m
  [1m[36mUser Load (0.6ms)[0m  [1m[34mSELECT  `users`.* FROM `users` ORDER BY `users`.`id` DESC LIMIT 1[0m
Started GET "/" for 127.0.0.1 at 2019-01-03 23:10:26 +0530
  [1m[35m (1.0ms)[0m  [1m[35mSET NAMES utf8,  @@SESSION.sql_mode = CONCAT(CONCAT(@@sql_mode, ',STRICT_ALL_TABLES'), ',NO_AUTO_VALUE_ON_ZERO'),  @@SESSION.sql_auto_is_null = 0, @@SESSION.wait_timeout = 2147483[0m
  ↳ C:/Ruby25-x64/lib/ruby/gems/2.5.0/gems/activerecord-5.2.2/lib/active_record/log_subscriber.rb:98
  [1m[35m (0.7ms)[0m  [1m[34mSELECT `schema_migrations`.`version` FROM `schema_migrations` ORDER BY `schema_migrations`.`version` ASC[0m
  ↳ C:/Ruby25-x64/lib/ruby/gems/2.5.0/gems/activerecord-5.2.2/lib/active_record/log_subscriber.rb:98
Processing by ComplainListsController#index as HTML
  [1m[36mUser Load (0.9ms)[0m  [1m[34mSELECT  `users`.* FROM `users` WHERE `users`.`id` = 2 ORDER BY `users`.`id` ASC LIMIT 1[0m
  ↳ C:/Ruby25-x64/lib/ruby/gems/2.5.0/gems/activerecord-5.2.2/lib/active_record/log_subscriber.rb:98
  Rendering complain_lists/index.html.erb within layouts/application
  [1m[36mComplainList Load (1.2ms)[0m  [1m[34mSELECT `complain_lists`.* FROM `complain_lists` WHERE `complain_lists`.`user_id` = 2[0m
  ↳ app/views/complain_lists/index.html.erb:16
  Rendered complain_lists/index.html.erb within layouts/application (7.7ms)
Completed 200 OK in 168ms (Views: 94.4ms | ActiveRecord: 17.8ms)


Started GET "/users/edit" for 127.0.0.1 at 2019-01-03 23:10:29 +0530
Processing by Devise::RegistrationsController#edit as HTML
  [1m[36mUser Load (1.0ms)[0m  [1m[34mSELECT  `users`.* FROM `users` WHERE `users`.`id` = 2 ORDER BY `users`.`id` ASC LIMIT 1[0m
  ↳ C:/Ruby25-x64/lib/ruby/gems/2.5.0/gems/activerecord-5.2.2/lib/active_record/log_subscriber.rb:98
  Rendering devise/registrations/edit.html.erb within layouts/application
  Rendered devise/registrations/edit.html.erb within layouts/application (61.7ms)
Completed 200 OK in 228ms (Views: 224.2ms | ActiveRecord: 1.0ms)


Started GET "/" for 127.0.0.1 at 2019-01-03 23:10:44 +0530
Processing by ComplainListsController#index as HTML
  [1m[36mUser Load (0.5ms)[0m  [1m[34mSELECT  `users`.* FROM `users` WHERE `users`.`id` = 2 ORDER BY `users`.`id` ASC LIMIT 1[0m
  ↳ C:/Ruby25-x64/lib/ruby/gems/2.5.0/gems/activerecord-5.2.2/lib/active_record/log_subscriber.rb:98
  Rendering complain_lists/index.html.erb within layouts/application
  [1m[36mComplainList Load (0.6ms)[0m  [1m[34mSELECT `complain_lists`.* FROM `complain_lists` WHERE `complain_lists`.`user_id` = 2[0m
  ↳ app/views/complain_lists/index.html.erb:16
  Rendered complain_lists/index.html.erb within layouts/application (3.6ms)
Completed 200 OK in 116ms (Views: 91.3ms | ActiveRecord: 1.1ms)


Started GET "/users/edit" for 127.0.0.1 at 2019-01-03 23:11:16 +0530
Processing by Devise::RegistrationsController#edit as HTML
  [1m[36mUser Load (0.8ms)[0m  [1m[34mSELECT  `users`.* FROM `users` WHERE `users`.`id` = 2 ORDER BY `users`.`id` ASC LIMIT 1[0m
  ↳ C:/Ruby25-x64/lib/ruby/gems/2.5.0/gems/activerecord-5.2.2/lib/active_record/log_subscriber.rb:98
  Rendering devise/registrations/edit.html.erb within layouts/application
  Rendered devise/registrations/edit.html.erb within layouts/application (3.7ms)
Completed 200 OK in 140ms (Views: 135.2ms | ActiveRecord: 0.8ms)


Started GET "/users/edit" for 127.0.0.1 at 2019-01-04 20:53:02 +0530
  [1m[35m (377.3ms)[0m  [1m[35mSET NAMES utf8,  @@SESSION.sql_mode = CONCAT(CONCAT(@@sql_mode, ',STRICT_ALL_TABLES'), ',NO_AUTO_VALUE_ON_ZERO'),  @@SESSION.sql_auto_is_null = 0, @@SESSION.wait_timeout = 2147483[0m
  ↳ C:/Ruby25-x64/lib/ruby/gems/2.5.0/gems/activerecord-5.2.2/lib/active_record/log_subscriber.rb:98
Processing by Devise::RegistrationsController#edit as HTML
  [1m[36mUser Load (546.7ms)[0m  [1m[34mSELECT  `users`.* FROM `users` WHERE `users`.`id` = 2 ORDER BY `users`.`id` ASC LIMIT 1[0m
  ↳ C:/Ruby25-x64/lib/ruby/gems/2.5.0/gems/activerecord-5.2.2/lib/active_record/log_subscriber.rb:98
  Rendering devise/registrations/edit.html.erb within layouts/application
  Rendered devise/registrations/edit.html.erb within layouts/application (150.4ms)
Completed 200 OK in 2199ms (Views: 686.6ms | ActiveRecord: 1228.1ms)


Started DELETE "/users" for 127.0.0.1 at 2019-01-04 20:53:09 +0530
Processing by Devise::RegistrationsController#destroy as HTML
  Parameters: {"authenticity_token"=>"UKYcaeL2VSljnTn2nltQLhTs/5SfsPXhbgse+zKxsyWyagD3LaZd24P+EnJz1bCFkKI9A1cFZRh/3S6G0No5Qw=="}
  [1m[36mUser Load (0.9ms)[0m  [1m[34mSELECT  `users`.* FROM `users` WHERE `users`.`id` = 2 ORDER BY `users`.`id` ASC LIMIT 1[0m
  ↳ C:/Ruby25-x64/lib/ruby/gems/2.5.0/gems/activerecord-5.2.2/lib/active_record/log_subscriber.rb:98
  [1m[35m (0.5ms)[0m  [1m[35mBEGIN[0m
  ↳ C:/Ruby25-x64/lib/ruby/gems/2.5.0/gems/activerecord-5.2.2/lib/active_record/log_subscriber.rb:98
  [1m[36mUser Destroy (210.5ms)[0m  [1m[31mDELETE FROM `users` WHERE `users`.`id` = 2[0m
  ↳ C:/Ruby25-x64/lib/ruby/gems/2.5.0/gems/activerecord-5.2.2/lib/active_record/log_subscriber.rb:98
  [1m[35m (237.2ms)[0m  [1m[35mCOMMIT[0m
  ↳ C:/Ruby25-x64/lib/ruby/gems/2.5.0/gems/activerecord-5.2.2/lib/active_record/log_subscriber.rb:98
Redirected to http://localhost:3000/
Completed 302 Found in 688ms (ActiveRecord: 449.2ms)


Started GET "/" for 127.0.0.1 at 2019-01-04 20:53:10 +0530
Processing by ComplainListsController#index as HTML
Completed 401 Unauthorized in 40ms (ActiveRecord: 0.0ms)


Started GET "/users/sign_in" for 127.0.0.1 at 2019-01-04 20:53:10 +0530
Processing by Devise::SessionsController#new as HTML
  Rendering devise/sessions/new.html.erb within layouts/application
  Rendered devise/shared/_links.html.erb (2.1ms)
  Rendered devise/sessions/new.html.erb within layouts/application (315.5ms)
Completed 200 OK in 630ms (Views: 590.5ms | ActiveRecord: 0.0ms)


Started GET "/users/sign_up" for 127.0.0.1 at 2019-01-04 20:53:28 +0530
Processing by Devise::RegistrationsController#new as HTML
  Rendering devise/registrations/new.html.erb within layouts/application
  Rendered devise/shared/_links.html.erb (1.9ms)
  Rendered devise/registrations/new.html.erb within layouts/application (47.1ms)
Completed 200 OK in 388ms (Views: 385.8ms | ActiveRecord: 0.0ms)


Started POST "/users" for 127.0.0.1 at 2019-01-04 20:53:50 +0530
Processing by Devise::RegistrationsController#create as HTML
  Parameters: {"utf8"=>"✓", "authenticity_token"=>"YTAqpYgejJt/v6AciizYcIaH0G8cmsQw3l0GKzO8p5oX10ELmYQ/WbhiXL3/D3GWOD6w9ZXrCcfMJlm6vPXWTA==", "user"=>{"email"=>"test@gmail.com", "password"=>"[FILTERED]", "password_confirmation"=>"[FILTERED]"}, "commit"=>"Sign up"}
  [1m[35m (0.5ms)[0m  [1m[35mBEGIN[0m
  ↳ C:/Ruby25-x64/lib/ruby/gems/2.5.0/gems/activerecord-5.2.2/lib/active_record/log_subscriber.rb:98
  [1m[36mUser Exists (120.6ms)[0m  [1m[34mSELECT  1 AS one FROM `users` WHERE `users`.`email` = BINARY 'test@gmail.com' LIMIT 1[0m
  ↳ C:/Ruby25-x64/lib/ruby/gems/2.5.0/gems/activerecord-5.2.2/lib/active_record/log_subscriber.rb:98
  [1m[36mUser Create (615.9ms)[0m  [1m[32mINSERT INTO `users` (`email`, `encrypted_password`, `created_at`, `updated_at`) VALUES ('test@gmail.com', '$2a$11$04SpGvrWRphrKFCuI0PggOftPu7fxcBO8jDFnZnEZWk.yAMmaReZC', '2019-01-04 15:23:51', '2019-01-04 15:23:51')[0m
  ↳ C:/Ruby25-x64/lib/ruby/gems/2.5.0/gems/activerecord-5.2.2/lib/active_record/log_subscriber.rb:98
  [1m[35m (281.5ms)[0m  [1m[35mCOMMIT[0m
  ↳ C:/Ruby25-x64/lib/ruby/gems/2.5.0/gems/activerecord-5.2.2/lib/active_record/log_subscriber.rb:98
Redirected to http://localhost:3000/
Completed 302 Found in 2395ms (ActiveRecord: 1018.4ms)


Started GET "/" for 127.0.0.1 at 2019-01-04 20:53:53 +0530
Processing by ComplainListsController#index as HTML
  [1m[36mUser Load (0.6ms)[0m  [1m[34mSELECT  `users`.* FROM `users` WHERE `users`.`id` = 3 ORDER BY `users`.`id` ASC LIMIT 1[0m
  ↳ C:/Ruby25-x64/lib/ruby/gems/2.5.0/gems/activerecord-5.2.2/lib/active_record/log_subscriber.rb:98
  Rendering complain_lists/index.html.erb within layouts/application
  [1m[36mComplainList Load (1.2ms)[0m  [1m[34mSELECT `complain_lists`.* FROM `complain_lists` WHERE `complain_lists`.`user_id` = 3[0m
  ↳ app/views/complain_lists/index.html.erb:16
  Rendered complain_lists/index.html.erb within layouts/application (9.2ms)
Completed 200 OK in 204ms (Views: 129.6ms | ActiveRecord: 3.9ms)


  [1m[35m (1.0ms)[0m  [1m[35mSET NAMES utf8,  @@SESSION.sql_mode = CONCAT(CONCAT(@@sql_mode, ',STRICT_ALL_TABLES'), ',NO_AUTO_VALUE_ON_ZERO'),  @@SESSION.sql_auto_is_null = 0, @@SESSION.wait_timeout = 2147483[0m
  ↳ C:/Ruby25-x64/bin/rake:31
  [1m[35m (0.8ms)[0m  [1m[34mSELECT GET_LOCK('2728363987124474895', 0)[0m
  ↳ C:/Ruby25-x64/bin/rake:31
  [1m[35m (18.6ms)[0m  [1m[34mSELECT `schema_migrations`.`version` FROM `schema_migrations` ORDER BY `schema_migrations`.`version` ASC[0m
  ↳ C:/Ruby25-x64/bin/rake:31
Migrating to AddColumnProblemStatus (20190105120321)
  [1m[35m (1032.8ms)[0m  [1m[35mALTER TABLE `complain_lists` ADD `problem_status` varchar(255) DEFAULT 'pending'[0m
  ↳ db/migrate/20190105120321_add_column_problem_status.rb:3
  [1m[35m (0.3ms)[0m  [1m[35mBEGIN[0m
  ↳ C:/Ruby25-x64/bin/rake:31
  [1m[36mActiveRecord::SchemaMigration Create (0.8ms)[0m  [1m[32mINSERT INTO `schema_migrations` (`version`) VALUES ('20190105120321')[0m
  ↳ C:/Ruby25-x64/bin/rake:31
  [1m[35m (51.6ms)[0m  [1m[35mCOMMIT[0m
  ↳ C:/Ruby25-x64/bin/rake:31
  [1m[36mActiveRecord::InternalMetadata Load (1.0ms)[0m  [1m[34mSELECT  `ar_internal_metadata`.* FROM `ar_internal_metadata` WHERE `ar_internal_metadata`.`key` = 'environment' LIMIT 1[0m
  ↳ C:/Ruby25-x64/bin/rake:31
  [1m[35m (0.3ms)[0m  [1m[35mBEGIN[0m
  ↳ C:/Ruby25-x64/bin/rake:31
  [1m[35m (0.3ms)[0m  [1m[35mCOMMIT[0m
  ↳ C:/Ruby25-x64/bin/rake:31
  [1m[35m (16.8ms)[0m  [1m[34mSELECT RELEASE_LOCK('2728363987124474895')[0m
  ↳ C:/Ruby25-x64/bin/rake:31
  [1m[35m (0.4ms)[0m  [1m[34mSELECT `schema_migrations`.`version` FROM `schema_migrations` ORDER BY `schema_migrations`.`version` ASC[0m
  ↳ C:/Ruby25-x64/bin/rake:31
Started GET "/" for 127.0.0.1 at 2019-01-05 18:42:15 +0530
  [1m[35m (1.2ms)[0m  [1m[35mSET NAMES utf8,  @@SESSION.sql_mode = CONCAT(CONCAT(@@sql_mode, ',STRICT_ALL_TABLES'), ',NO_AUTO_VALUE_ON_ZERO'),  @@SESSION.sql_auto_is_null = 0, @@SESSION.wait_timeout = 2147483[0m
  ↳ C:/Ruby25-x64/lib/ruby/gems/2.5.0/gems/activerecord-5.2.2/lib/active_record/log_subscriber.rb:98
  [1m[35m (0.8ms)[0m  [1m[34mSELECT `schema_migrations`.`version` FROM `schema_migrations` ORDER BY `schema_migrations`.`version` ASC[0m
  ↳ C:/Ruby25-x64/lib/ruby/gems/2.5.0/gems/activerecord-5.2.2/lib/active_record/log_subscriber.rb:98
Processing by ComplainListsController#index as HTML
  [1m[36mUser Load (2.8ms)[0m  [1m[34mSELECT  `users`.* FROM `users` WHERE `users`.`id` = 3 ORDER BY `users`.`id` ASC LIMIT 1[0m
  ↳ C:/Ruby25-x64/lib/ruby/gems/2.5.0/gems/activerecord-5.2.2/lib/active_record/log_subscriber.rb:98
  Rendering complain_lists/index.html.erb within layouts/application
  [1m[36mComplainList Load (0.9ms)[0m  [1m[34mSELECT `complain_lists`.* FROM `complain_lists` WHERE `complain_lists`.`user_id` = 3[0m
  ↳ app/views/complain_lists/index.html.erb:16
  Rendered complain_lists/index.html.erb within layouts/application (41.8ms)
Completed 200 OK in 757ms (Views: 292.9ms | ActiveRecord: 98.0ms)


Started GET "/complain_lists/new" for 127.0.0.1 at 2019-01-05 18:43:06 +0530
Processing by ComplainListsController#new as HTML
  [1m[36mUser Load (1.0ms)[0m  [1m[34mSELECT  `users`.* FROM `users` WHERE `users`.`id` = 3 ORDER BY `users`.`id` ASC LIMIT 1[0m
  ↳ C:/Ruby25-x64/lib/ruby/gems/2.5.0/gems/activerecord-5.2.2/lib/active_record/log_subscriber.rb:98
  Rendering complain_lists/new.html.erb within layouts/application
  Rendered complain_lists/_form.html.erb (558.4ms)
  Rendered complain_lists/new.html.erb within layouts/application (577.1ms)
Completed 200 OK in 801ms (Views: 695.5ms | ActiveRecord: 18.7ms)


Started GET "/users/sign_out" for 127.0.0.1 at 2019-01-05 18:43:45 +0530
  
ActionController::RoutingError (No route matches [GET] "/users/sign_out"):
  
actionpack (5.2.2) lib/action_dispatch/middleware/debug_exceptions.rb:65:in `call'
web-console (3.7.0) lib/web_console/middleware.rb:135:in `call_app'
web-console (3.7.0) lib/web_console/middleware.rb:30:in `block in call'
web-console (3.7.0) lib/web_console/middleware.rb:20:in `catch'
web-console (3.7.0) lib/web_console/middleware.rb:20:in `call'
actionpack (5.2.2) lib/action_dispatch/middleware/show_exceptions.rb:33:in `call'
railties (5.2.2) lib/rails/rack/logger.rb:38:in `call_app'
railties (5.2.2) lib/rails/rack/logger.rb:26:in `block in call'
activesupport (5.2.2) lib/active_support/tagged_logging.rb:71:in `block in tagged'
activesupport (5.2.2) lib/active_support/tagged_logging.rb:28:in `tagged'
activesupport (5.2.2) lib/active_support/tagged_logging.rb:71:in `tagged'
railties (5.2.2) lib/rails/rack/logger.rb:26:in `call'
sprockets-rails (3.2.1) lib/sprockets/rails/quiet_assets.rb:13:in `call'
actionpack (5.2.2) lib/action_dispatch/middleware/remote_ip.rb:81:in `call'
actionpack (5.2.2) lib/action_dispatch/middleware/request_id.rb:27:in `call'
rack (2.0.6) lib/rack/method_override.rb:22:in `call'
rack (2.0.6) lib/rack/runtime.rb:22:in `call'
activesupport (5.2.2) lib/active_support/cache/strategy/local_cache_middleware.rb:29:in `call'
actionpack (5.2.2) lib/action_dispatch/middleware/executor.rb:14:in `call'
actionpack (5.2.2) lib/action_dispatch/middleware/static.rb:127:in `call'
rack (2.0.6) lib/rack/sendfile.rb:111:in `call'
railties (5.2.2) lib/rails/engine.rb:524:in `call'
puma (3.12.0) lib/puma/configuration.rb:225:in `call'
puma (3.12.0) lib/puma/server.rb:658:in `handle_request'
puma (3.12.0) lib/puma/server.rb:472:in `process_client'
puma (3.12.0) lib/puma/server.rb:332:in `block in run'
puma (3.12.0) lib/puma/thread_pool.rb:133:in `block in spawn_thread'
Started GET "/complain_lists" for 127.0.0.1 at 2019-01-05 18:44:51 +0530
Processing by ComplainListsController#index as HTML
  [1m[36mUser Load (0.8ms)[0m  [1m[34mSELECT  `users`.* FROM `users` WHERE `users`.`id` = 3 ORDER BY `users`.`id` ASC LIMIT 1[0m
  ↳ C:/Ruby25-x64/lib/ruby/gems/2.5.0/gems/activerecord-5.2.2/lib/active_record/log_subscriber.rb:98
  Rendering complain_lists/index.html.erb within layouts/application
  [1m[36mComplainList Load (0.7ms)[0m  [1m[34mSELECT `complain_lists`.* FROM `complain_lists` WHERE `complain_lists`.`user_id` = 3[0m
  ↳ app/views/complain_lists/index.html.erb:16
  Rendered complain_lists/index.html.erb within layouts/application (5.6ms)
Completed 200 OK in 112ms (Views: 85.8ms | ActiveRecord: 1.5ms)


Started GET "/complain_lists/new" for 127.0.0.1 at 2019-01-05 18:44:53 +0530
Processing by ComplainListsController#new as HTML
  [1m[36mUser Load (0.5ms)[0m  [1m[34mSELECT  `users`.* FROM `users` WHERE `users`.`id` = 3 ORDER BY `users`.`id` ASC LIMIT 1[0m
  ↳ C:/Ruby25-x64/lib/ruby/gems/2.5.0/gems/activerecord-5.2.2/lib/active_record/log_subscriber.rb:98
  Rendering complain_lists/new.html.erb within layouts/application
  Rendered complain_lists/_form.html.erb (4.7ms)
  Rendered complain_lists/new.html.erb within layouts/application (32.8ms)
Completed 200 OK in 180ms (Views: 148.4ms | ActiveRecord: 0.5ms)


Started POST "/complain_lists" for 127.0.0.1 at 2019-01-05 18:45:06 +0530
Processing by ComplainListsController#create as HTML
  Parameters: {"utf8"=>"✓", "authenticity_token"=>"6YBl4szLEzCdabJKg269c7xsbmYY5+HBhq/OZh0Kd57Wdmz8zJxMUAKI8fh5WHFGj4qZYHJR7bRHHEE5IjDJpg==", "complain_list"=>{"title"=>"lol", "description"=>"extra lol", "complain_status"=>"pending"}, "commit"=>"Create Complain list"}
  [1m[36mUser Load (0.5ms)[0m  [1m[34mSELECT  `users`.* FROM `users` WHERE `users`.`id` = 3 ORDER BY `users`.`id` ASC LIMIT 1[0m
  ↳ C:/Ruby25-x64/lib/ruby/gems/2.5.0/gems/activerecord-5.2.2/lib/active_record/log_subscriber.rb:98
Unpermitted parameter: :complain_status
  [1m[35m (0.4ms)[0m  [1m[35mBEGIN[0m
  ↳ app/controllers/complain_lists_controller.rb:34
  [1m[36mUser Load (1.5ms)[0m  [1m[34mSELECT  `users`.* FROM `users` WHERE `users`.`id` = 3 LIMIT 1[0m
  ↳ app/controllers/complain_lists_controller.rb:34
  [1m[36mComplainList Create (30.6ms)[0m  [1m[32mINSERT INTO `complain_lists` (`title`, `description`, `created_at`, `updated_at`, `user_id`) VALUES ('lol', 'extra lol', '2019-01-05 13:15:06', '2019-01-05 13:15:06', 3)[0m
  ↳ app/controllers/complain_lists_controller.rb:34
  [1m[35m (237.2ms)[0m  [1m[35mCOMMIT[0m
  ↳ app/controllers/complain_lists_controller.rb:34
Redirected to http://localhost:3000/complain_lists/2
Completed 302 Found in 610ms (ActiveRecord: 270.2ms)


Started GET "/complain_lists/2" for 127.0.0.1 at 2019-01-05 18:45:07 +0530
Processing by ComplainListsController#show as HTML
  Parameters: {"id"=>"2"}
  [1m[36mComplainList Load (0.6ms)[0m  [1m[34mSELECT  `complain_lists`.* FROM `complain_lists` WHERE `complain_lists`.`id` = 2 LIMIT 1[0m
  ↳ app/controllers/complain_lists_controller.rb:71
  [1m[36mUser Load (0.6ms)[0m  [1m[34mSELECT  `users`.* FROM `users` WHERE `users`.`id` = 3 ORDER BY `users`.`id` ASC LIMIT 1[0m
  ↳ C:/Ruby25-x64/lib/ruby/gems/2.5.0/gems/activerecord-5.2.2/lib/active_record/log_subscriber.rb:98
  Rendering complain_lists/show.html.erb within layouts/application
  Rendered complain_lists/show.html.erb within layouts/application (0.9ms)
Completed 200 OK in 161ms (Views: 124.5ms | ActiveRecord: 1.2ms)


Started GET "/complain_lists/2" for 127.0.0.1 at 2019-01-05 18:45:54 +0530
Processing by ComplainListsController#show as HTML
  Parameters: {"id"=>"2"}
  [1m[36mComplainList Load (1.3ms)[0m  [1m[34mSELECT  `complain_lists`.* FROM `complain_lists` WHERE `complain_lists`.`id` = 2 LIMIT 1[0m
  ↳ app/controllers/complain_lists_controller.rb:71
  [1m[36mUser Load (1.1ms)[0m  [1m[34mSELECT  `users`.* FROM `users` WHERE `users`.`id` = 3 ORDER BY `users`.`id` ASC LIMIT 1[0m
  ↳ C:/Ruby25-x64/lib/ruby/gems/2.5.0/gems/activerecord-5.2.2/lib/active_record/log_subscriber.rb:98
  Rendering complain_lists/show.html.erb within layouts/application
  Rendered complain_lists/show.html.erb within layouts/application (1.0ms)
Completed 200 OK in 132ms (Views: 83.4ms | ActiveRecord: 2.4ms)


Started GET "/complain_lists" for 127.0.0.1 at 2019-01-05 18:46:11 +0530
Processing by ComplainListsController#index as HTML
  [1m[36mUser Load (0.6ms)[0m  [1m[34mSELECT  `users`.* FROM `users` WHERE `users`.`id` = 3 ORDER BY `users`.`id` ASC LIMIT 1[0m
  ↳ C:/Ruby25-x64/lib/ruby/gems/2.5.0/gems/activerecord-5.2.2/lib/active_record/log_subscriber.rb:98
  Rendering complain_lists/index.html.erb within layouts/application
  [1m[36mComplainList Load (0.8ms)[0m  [1m[34mSELECT `complain_lists`.* FROM `complain_lists` WHERE `complain_lists`.`user_id` = 3[0m
  ↳ app/views/complain_lists/index.html.erb:16
  Rendered complain_lists/index.html.erb within layouts/application (4.7ms)
Completed 200 OK in 110ms (Views: 84.1ms | ActiveRecord: 1.4ms)


Started GET "/complain_lists/2/edit" for 127.0.0.1 at 2019-01-05 18:46:31 +0530
Processing by ComplainListsController#edit as HTML
  Parameters: {"id"=>"2"}
  [1m[36mComplainList Load (0.6ms)[0m  [1m[34mSELECT  `complain_lists`.* FROM `complain_lists` WHERE `complain_lists`.`id` = 2 LIMIT 1[0m
  ↳ app/controllers/complain_lists_controller.rb:71
  [1m[36mUser Load (0.6ms)[0m  [1m[34mSELECT  `users`.* FROM `users` WHERE `users`.`id` = 3 ORDER BY `users`.`id` ASC LIMIT 1[0m
  ↳ C:/Ruby25-x64/lib/ruby/gems/2.5.0/gems/activerecord-5.2.2/lib/active_record/log_subscriber.rb:98
  Rendering complain_lists/edit.html.erb within layouts/application
  Rendered complain_lists/_form.html.erb (4.1ms)
  Rendered complain_lists/edit.html.erb within layouts/application (33.6ms)
Completed 200 OK in 196ms (Views: 157.5ms | ActiveRecord: 1.2ms)


Started GET "/complain_lists" for 127.0.0.1 at 2019-01-05 18:47:08 +0530
Processing by ComplainListsController#index as HTML
  [1m[36mUser Load (1.2ms)[0m  [1m[34mSELECT  `users`.* FROM `users` WHERE `users`.`id` = 3 ORDER BY `users`.`id` ASC LIMIT 1[0m
  ↳ C:/Ruby25-x64/lib/ruby/gems/2.5.0/gems/activerecord-5.2.2/lib/active_record/log_subscriber.rb:98
  Rendering complain_lists/index.html.erb within layouts/application
  [1m[36mComplainList Load (0.6ms)[0m  [1m[34mSELECT `complain_lists`.* FROM `complain_lists` WHERE `complain_lists`.`user_id` = 3[0m
  ↳ app/views/complain_lists/index.html.erb:16
  Rendered complain_lists/index.html.erb within layouts/application (10.9ms)
Completed 200 OK in 165ms (Views: 109.0ms | ActiveRecord: 1.8ms)


Started GET "/complain_lists" for 127.0.0.1 at 2019-01-05 18:47:30 +0530
Processing by ComplainListsController#index as HTML
  [1m[36mUser Load (1.2ms)[0m  [1m[34mSELECT  `users`.* FROM `users` WHERE `users`.`id` = 3 ORDER BY `users`.`id` ASC LIMIT 1[0m
  ↳ C:/Ruby25-x64/lib/ruby/gems/2.5.0/gems/activerecord-5.2.2/lib/active_record/log_subscriber.rb:98
  Rendering complain_lists/index.html.erb within layouts/application
  [1m[36mComplainList Load (0.6ms)[0m  [1m[34mSELECT `complain_lists`.* FROM `complain_lists` WHERE `complain_lists`.`user_id` = 3[0m
  ↳ app/views/complain_lists/index.html.erb:16
  Rendered complain_lists/index.html.erb within layouts/application (11.6ms)
Completed 200 OK in 220ms (Views: 169.1ms | ActiveRecord: 1.8ms)


Started GET "/complain_lists" for 127.0.0.1 at 2019-01-05 18:47:56 +0530
Processing by ComplainListsController#index as HTML
  [1m[36mUser Load (0.7ms)[0m  [1m[34mSELECT  `users`.* FROM `users` WHERE `users`.`id` = 3 ORDER BY `users`.`id` ASC LIMIT 1[0m
  ↳ C:/Ruby25-x64/lib/ruby/gems/2.5.0/gems/activerecord-5.2.2/lib/active_record/log_subscriber.rb:98
  Rendering complain_lists/index.html.erb within layouts/application
  [1m[36mComplainList Load (0.6ms)[0m  [1m[34mSELECT `complain_lists`.* FROM `complain_lists` WHERE `complain_lists`.`user_id` = 3[0m
  ↳ app/views/complain_lists/index.html.erb:17
  Rendered complain_lists/index.html.erb within layouts/application (5.2ms)
Completed 200 OK in 110ms (Views: 87.8ms | ActiveRecord: 1.4ms)


Started GET "/complain_lists" for 127.0.0.1 at 2019-01-05 18:48:13 +0530
Processing by ComplainListsController#index as HTML
  [1m[36mUser Load (0.9ms)[0m  [1m[34mSELECT  `users`.* FROM `users` WHERE `users`.`id` = 3 ORDER BY `users`.`id` ASC LIMIT 1[0m
  ↳ C:/Ruby25-x64/lib/ruby/gems/2.5.0/gems/activerecord-5.2.2/lib/active_record/log_subscriber.rb:98
  Rendering complain_lists/index.html.erb within layouts/application
  [1m[36mComplainList Load (0.6ms)[0m  [1m[34mSELECT `complain_lists`.* FROM `complain_lists` WHERE `complain_lists`.`user_id` = 3[0m
  ↳ app/views/complain_lists/index.html.erb:17
  Rendered complain_lists/index.html.erb within layouts/application (5.3ms)
Completed 200 OK in 147ms (Views: 101.8ms | ActiveRecord: 1.5ms)


Started GET "/complain_lists" for 127.0.0.1 at 2019-01-05 18:48:15 +0530
Processing by ComplainListsController#index as HTML
  [1m[36mUser Load (0.7ms)[0m  [1m[34mSELECT  `users`.* FROM `users` WHERE `users`.`id` = 3 ORDER BY `users`.`id` ASC LIMIT 1[0m
  ↳ C:/Ruby25-x64/lib/ruby/gems/2.5.0/gems/activerecord-5.2.2/lib/active_record/log_subscriber.rb:98
  Rendering complain_lists/index.html.erb within layouts/application
  [1m[36mComplainList Load (0.6ms)[0m  [1m[34mSELECT `complain_lists`.* FROM `complain_lists` WHERE `complain_lists`.`user_id` = 3[0m
  ↳ app/views/complain_lists/index.html.erb:17
  Rendered complain_lists/index.html.erb within layouts/application (5.7ms)
Completed 200 OK in 141ms (Views: 107.2ms | ActiveRecord: 1.3ms)


Started GET "/complain_lists" for 127.0.0.1 at 2019-01-05 18:48:15 +0530
Processing by ComplainListsController#index as HTML
  [1m[36mUser Load (0.6ms)[0m  [1m[34mSELECT  `users`.* FROM `users` WHERE `users`.`id` = 3 ORDER BY `users`.`id` ASC LIMIT 1[0m
  ↳ C:/Ruby25-x64/lib/ruby/gems/2.5.0/gems/activerecord-5.2.2/lib/active_record/log_subscriber.rb:98
  Rendering complain_lists/index.html.erb within layouts/application
  [1m[36mComplainList Load (0.6ms)[0m  [1m[34mSELECT `complain_lists`.* FROM `complain_lists` WHERE `complain_lists`.`user_id` = 3[0m
  ↳ app/views/complain_lists/index.html.erb:17
  Rendered complain_lists/index.html.erb within layouts/application (4.9ms)
Completed 200 OK in 135ms (Views: 103.5ms | ActiveRecord: 1.2ms)


Started GET "/users/sign_out" for 127.0.0.1 at 2019-01-05 18:50:11 +0530
  
ActionController::RoutingError (No route matches [GET] "/users/sign_out"):
  
actionpack (5.2.2) lib/action_dispatch/middleware/debug_exceptions.rb:65:in `call'
web-console (3.7.0) lib/web_console/middleware.rb:135:in `call_app'
web-console (3.7.0) lib/web_console/middleware.rb:30:in `block in call'
web-console (3.7.0) lib/web_console/middleware.rb:20:in `catch'
web-console (3.7.0) lib/web_console/middleware.rb:20:in `call'
actionpack (5.2.2) lib/action_dispatch/middleware/show_exceptions.rb:33:in `call'
railties (5.2.2) lib/rails/rack/logger.rb:38:in `call_app'
railties (5.2.2) lib/rails/rack/logger.rb:26:in `block in call'
activesupport (5.2.2) lib/active_support/tagged_logging.rb:71:in `block in tagged'
activesupport (5.2.2) lib/active_support/tagged_logging.rb:28:in `tagged'
activesupport (5.2.2) lib/active_support/tagged_logging.rb:71:in `tagged'
railties (5.2.2) lib/rails/rack/logger.rb:26:in `call'
sprockets-rails (3.2.1) lib/sprockets/rails/quiet_assets.rb:13:in `call'
actionpack (5.2.2) lib/action_dispatch/middleware/remote_ip.rb:81:in `call'
actionpack (5.2.2) lib/action_dispatch/middleware/request_id.rb:27:in `call'
rack (2.0.6) lib/rack/method_override.rb:22:in `call'
rack (2.0.6) lib/rack/runtime.rb:22:in `call'
activesupport (5.2.2) lib/active_support/cache/strategy/local_cache_middleware.rb:29:in `call'
actionpack (5.2.2) lib/action_dispatch/middleware/executor.rb:14:in `call'
actionpack (5.2.2) lib/action_dispatch/middleware/static.rb:127:in `call'
rack (2.0.6) lib/rack/sendfile.rb:111:in `call'
railties (5.2.2) lib/rails/engine.rb:524:in `call'
puma (3.12.0) lib/puma/configuration.rb:225:in `call'
puma (3.12.0) lib/puma/server.rb:658:in `handle_request'
puma (3.12.0) lib/puma/server.rb:472:in `process_client'
puma (3.12.0) lib/puma/server.rb:332:in `block in run'
puma (3.12.0) lib/puma/thread_pool.rb:133:in `block in spawn_thread'
Started GET "/users/edit" for 127.0.0.1 at 2019-01-05 18:50:17 +0530
Processing by Devise::RegistrationsController#edit as HTML
  [1m[36mUser Load (2.4ms)[0m  [1m[34mSELECT  `users`.* FROM `users` WHERE `users`.`id` = 3 ORDER BY `users`.`id` ASC LIMIT 1[0m
  ↳ C:/Ruby25-x64/lib/ruby/gems/2.5.0/gems/activerecord-5.2.2/lib/active_record/log_subscriber.rb:98
  Rendering devise/registrations/edit.html.erb within layouts/application
  Rendered devise/registrations/edit.html.erb within layouts/application (56.0ms)
Completed 200 OK in 561ms (Views: 531.4ms | ActiveRecord: 2.4ms)


Started DELETE "/users" for 127.0.0.1 at 2019-01-05 18:50:34 +0530
Processing by Devise::RegistrationsController#destroy as HTML
  Parameters: {"authenticity_token"=>"NVPmkeDycYm+CRDbYFtzwreNh1vAT53Wjq5vz2EHvuZ5Dn6oJaKQmX41FK/LQPOnQwY5zplcOKVIRnu2sn4bfQ=="}
  [1m[36mUser Load (0.6ms)[0m  [1m[34mSELECT  `users`.* FROM `users` WHERE `users`.`id` = 3 ORDER BY `users`.`id` ASC LIMIT 1[0m
  ↳ C:/Ruby25-x64/lib/ruby/gems/2.5.0/gems/activerecord-5.2.2/lib/active_record/log_subscriber.rb:98
  [1m[35m (0.3ms)[0m  [1m[35mBEGIN[0m
  ↳ C:/Ruby25-x64/lib/ruby/gems/2.5.0/gems/activerecord-5.2.2/lib/active_record/log_subscriber.rb:98
  [1m[36mUser Destroy (17.1ms)[0m  [1m[31mDELETE FROM `users` WHERE `users`.`id` = 3[0m
  ↳ C:/Ruby25-x64/lib/ruby/gems/2.5.0/gems/activerecord-5.2.2/lib/active_record/log_subscriber.rb:98
  [1m[35m (85.2ms)[0m  [1m[35mCOMMIT[0m
  ↳ C:/Ruby25-x64/lib/ruby/gems/2.5.0/gems/activerecord-5.2.2/lib/active_record/log_subscriber.rb:98
Redirected to http://localhost:3000/
Completed 302 Found in 152ms (ActiveRecord: 103.3ms)


Started GET "/" for 127.0.0.1 at 2019-01-05 18:50:34 +0530
Processing by ComplainListsController#index as HTML
Completed 401 Unauthorized in 4ms (ActiveRecord: 0.0ms)


Started GET "/users/sign_in" for 127.0.0.1 at 2019-01-05 18:50:35 +0530
Processing by Devise::SessionsController#new as HTML
  Rendering devise/sessions/new.html.erb within layouts/application
  Rendered devise/shared/_links.html.erb (1.7ms)
  Rendered devise/sessions/new.html.erb within layouts/application (141.3ms)
Completed 200 OK in 380ms (Views: 366.4ms | ActiveRecord: 0.0ms)


Started GET "/users/sign_up" for 127.0.0.1 at 2019-01-05 18:50:44 +0530
Processing by Devise::RegistrationsController#new as HTML
  Rendering devise/registrations/new.html.erb within layouts/application
  Rendered devise/shared/_links.html.erb (1.4ms)
  Rendered devise/registrations/new.html.erb within layouts/application (38.2ms)
Completed 200 OK in 267ms (Views: 266.0ms | ActiveRecord: 0.0ms)


Started POST "/users" for 127.0.0.1 at 2019-01-05 18:51:02 +0530
Processing by Devise::RegistrationsController#create as HTML
  Parameters: {"utf8"=>"✓", "authenticity_token"=>"xiktY18rQXUUkdoS9QZz5v14iZhzXDGsbN9+m4WFXuDsTe7MG9W4xkJPPORrpye/beuGnJ9jtwOXHYrpwh+nYg==", "user"=>{"email"=>"local@gmail.com", "password"=>"[FILTERED]", "password_confirmation"=>"[FILTERED]"}, "commit"=>"Sign up"}
  [1m[35m (0.5ms)[0m  [1m[35mBEGIN[0m
  ↳ C:/Ruby25-x64/lib/ruby/gems/2.5.0/gems/activerecord-5.2.2/lib/active_record/log_subscriber.rb:98
  [1m[36mUser Exists (0.6ms)[0m  [1m[34mSELECT  1 AS one FROM `users` WHERE `users`.`email` = BINARY 'local@gmail.com' LIMIT 1[0m
  ↳ C:/Ruby25-x64/lib/ruby/gems/2.5.0/gems/activerecord-5.2.2/lib/active_record/log_subscriber.rb:98
  [1m[36mUser Create (28.6ms)[0m  [1m[32mINSERT INTO `users` (`email`, `encrypted_password`, `created_at`, `updated_at`) VALUES ('local@gmail.com', '$2a$11$TcvK58C.LOMDrhSMcG74YuJ/3k1TUzBh88FM7QZsICxUWfrKGitV.', '2019-01-05 13:21:03', '2019-01-05 13:21:03')[0m
  ↳ C:/Ruby25-x64/lib/ruby/gems/2.5.0/gems/activerecord-5.2.2/lib/active_record/log_subscriber.rb:98
  [1m[35m (90.0ms)[0m  [1m[35mCOMMIT[0m
  ↳ C:/Ruby25-x64/lib/ruby/gems/2.5.0/gems/activerecord-5.2.2/lib/active_record/log_subscriber.rb:98
Redirected to http://localhost:3000/
Completed 302 Found in 828ms (ActiveRecord: 119.7ms)


Started GET "/" for 127.0.0.1 at 2019-01-05 18:51:03 +0530
Processing by ComplainListsController#index as HTML
  [1m[36mUser Load (0.6ms)[0m  [1m[34mSELECT  `users`.* FROM `users` WHERE `users`.`id` = 4 ORDER BY `users`.`id` ASC LIMIT 1[0m
  ↳ C:/Ruby25-x64/lib/ruby/gems/2.5.0/gems/activerecord-5.2.2/lib/active_record/log_subscriber.rb:98
  Rendering complain_lists/index.html.erb within layouts/application
  [1m[36mComplainList Load (0.6ms)[0m  [1m[34mSELECT `complain_lists`.* FROM `complain_lists` WHERE `complain_lists`.`user_id` = 4[0m
  ↳ app/views/complain_lists/index.html.erb:17
  Rendered complain_lists/index.html.erb within layouts/application (6.3ms)
Completed 200 OK in 171ms (Views: 134.0ms | ActiveRecord: 1.2ms)


  [1m[35m (0.7ms)[0m  [1m[35mSET NAMES utf8,  @@SESSION.sql_mode = CONCAT(CONCAT(@@sql_mode, ',STRICT_ALL_TABLES'), ',NO_AUTO_VALUE_ON_ZERO'),  @@SESSION.sql_auto_is_null = 0, @@SESSION.wait_timeout = 2147483[0m
  [1m[36mUser Load (0.8ms)[0m  [1m[34mSELECT  `users`.* FROM `users` ORDER BY `users`.`id` DESC LIMIT 1[0m
  [1m[36mUser Load (0.6ms)[0m  [1m[34mSELECT  `users`.* FROM `users` ORDER BY `users`.`id` DESC LIMIT 1[0m
  [1m[35m (0.3ms)[0m  [1m[35mBEGIN[0m
  [1m[36mUser Update (26.7ms)[0m  [1m[33mUPDATE `users` SET `updated_at` = '2019-01-05 13:22:14', `admin` = TRUE WHERE `users`.`id` = 4[0m
  [1m[35m (109.0ms)[0m  [1m[35mCOMMIT[0m
  [1m[36mUser Load (0.6ms)[0m  [1m[34mSELECT  `users`.* FROM `users` ORDER BY `users`.`id` DESC LIMIT 1[0m
Started GET "/" for 127.0.0.1 at 2019-01-05 18:52:45 +0530
  [1m[35m (0.7ms)[0m  [1m[35mSET NAMES utf8,  @@SESSION.sql_mode = CONCAT(CONCAT(@@sql_mode, ',STRICT_ALL_TABLES'), ',NO_AUTO_VALUE_ON_ZERO'),  @@SESSION.sql_auto_is_null = 0, @@SESSION.wait_timeout = 2147483[0m
  ↳ C:/Ruby25-x64/lib/ruby/gems/2.5.0/gems/activerecord-5.2.2/lib/active_record/log_subscriber.rb:98
  [1m[35m (0.7ms)[0m  [1m[34mSELECT `schema_migrations`.`version` FROM `schema_migrations` ORDER BY `schema_migrations`.`version` ASC[0m
  ↳ C:/Ruby25-x64/lib/ruby/gems/2.5.0/gems/activerecord-5.2.2/lib/active_record/log_subscriber.rb:98
Processing by ComplainListsController#index as HTML
  [1m[36mUser Load (0.9ms)[0m  [1m[34mSELECT  `users`.* FROM `users` WHERE `users`.`id` = 4 ORDER BY `users`.`id` ASC LIMIT 1[0m
  ↳ C:/Ruby25-x64/lib/ruby/gems/2.5.0/gems/activerecord-5.2.2/lib/active_record/log_subscriber.rb:98
  Rendering complain_lists/index.html.erb within layouts/application
  [1m[36mComplainList Load (0.7ms)[0m  [1m[34mSELECT `complain_lists`.* FROM `complain_lists`[0m
  ↳ app/views/complain_lists/index.html.erb:17
  Rendered complain_lists/index.html.erb within layouts/application (26.2ms)
Completed 200 OK in 181ms (Views: 102.8ms | ActiveRecord: 26.6ms)


Started GET "/complain_lists/1/edit" for 127.0.0.1 at 2019-01-05 18:53:06 +0530
Processing by ComplainListsController#edit as HTML
  Parameters: {"id"=>"1"}
  [1m[36mComplainList Load (0.7ms)[0m  [1m[34mSELECT  `complain_lists`.* FROM `complain_lists` WHERE `complain_lists`.`id` = 1 LIMIT 1[0m
  ↳ app/controllers/complain_lists_controller.rb:71
  [1m[36mUser Load (0.7ms)[0m  [1m[34mSELECT  `users`.* FROM `users` WHERE `users`.`id` = 4 ORDER BY `users`.`id` ASC LIMIT 1[0m
  ↳ C:/Ruby25-x64/lib/ruby/gems/2.5.0/gems/activerecord-5.2.2/lib/active_record/log_subscriber.rb:98
  Rendering complain_lists/edit.html.erb within layouts/application
  Rendered complain_lists/_form.html.erb (81.3ms)
  Rendered complain_lists/edit.html.erb within layouts/application (111.3ms)
Completed 200 OK in 285ms (Views: 240.7ms | ActiveRecord: 1.4ms)


